#-----------------------------------------------------------
# Vivado v2020.1 (64-bit)
# SW Build 2902540 on Wed May 27 19:54:49 MDT 2020
# IP Build 2902112 on Wed May 27 22:43:36 MDT 2020
# Start of session at: Sun Nov 15 17:25:34 2020
# Process ID: 4604
# Current directory: C:/Users/aabua/Documents/ECE350/flappyECE350/flappyVivado
# Command line: vivado.exe -gui_launcher_event rodinguilauncherevent15896 C:\Users\aabua\Documents\ECE350\flappyECE350\flappyVivado\flappyVivado.xpr
# Log file: C:/Users/aabua/Documents/ECE350/flappyECE350/flappyVivado/vivado.log
# Journal file: C:/Users/aabua/Documents/ECE350/flappyECE350/flappyVivado\vivado.jou
#-----------------------------------------------------------
start_gui
open_project C:/Users/aabua/Documents/ECE350/flappyECE350/flappyVivado/flappyVivado.xpr
Scanning sources...
Finished scanning sources
WARNING: [filemgmt 56-3] Default IP Output Path : Could not find the directory 'C:/Users/aabua/Documents/ECE350/flappyECE350/flappyVivado/flappyVivado.srcs/sources_1'.
INFO: [IP_Flow 19-234] Refreshing IP repositories
INFO: [IP_Flow 19-1704] No user IP repositories specified
INFO: [IP_Flow 19-2313] Loaded Vivado IP repository 'C:/Xilinx/Vivado/2020.1/data/ip'.
open_project: Time (s): cpu = 00:00:30 ; elapsed = 00:00:12 . Memory (MB): peak = 1015.176 ; gain = 0.000
update_compile_order -fileset sources_1
export_ip_user_files -of_objects  [get_files C:/Users/aabua/Documents/ECE350/flappyECE350/isCollided.v] -no_script -reset -force -quiet
remove_files  C:/Users/aabua/Documents/ECE350/flappyECE350/isCollided.v
reset_run synth_1
launch_runs impl_1
[Sun Nov 15 17:37:06 2020] Launched synth_1...
Run output will be captured here: C:/Users/aabua/Documents/ECE350/flappyECE350/flappyVivado/flappyVivado.runs/synth_1/runme.log
[Sun Nov 15 17:37:06 2020] Launched impl_1...
Run output will be captured here: C:/Users/aabua/Documents/ECE350/flappyECE350/flappyVivado/flappyVivado.runs/impl_1/runme.log
open_run impl_1
INFO: [Device 21-403] Loading part xc7a100tcsg324-1
Netlist sorting complete. Time (s): cpu = 00:00:00 ; elapsed = 00:00:00.038 . Memory (MB): peak = 1170.336 ; gain = 0.000
INFO: [Netlist 29-17] Analyzing 216 Unisim elements for replacement
INFO: [Netlist 29-28] Unisim Transformation completed in 2 CPU seconds
INFO: [Project 1-479] Netlist was created with Vivado 2020.1
INFO: [Project 1-570] Preparing netlist for logic optimization
INFO: [Timing 38-478] Restoring timing data from binary archive.
INFO: [Timing 38-479] Binary timing data restore complete.
INFO: [Project 1-856] Restoring constraints from binary archive.
INFO: [Project 1-853] Binary constraint restore complete.
Reading XDEF placement.
Reading placer database...
Reading XDEF routing.
Read XDEF File: Time (s): cpu = 00:00:00 ; elapsed = 00:00:00.558 . Memory (MB): peak = 1827.121 ; gain = 0.000
Restored from archive | CPU: 0.000000 secs | Memory: 0.000000 MB |
Finished XDEF File Restore: Time (s): cpu = 00:00:00 ; elapsed = 00:00:00.560 . Memory (MB): peak = 1827.121 ; gain = 0.000
Netlist sorting complete. Time (s): cpu = 00:00:00 ; elapsed = 00:00:00.001 . Memory (MB): peak = 1827.121 ; gain = 0.000
INFO: [Project 1-111] Unisim Transformation Summary:
No Unisim elements were transformed.

open_run: Time (s): cpu = 00:01:04 ; elapsed = 00:00:58 . Memory (MB): peak = 1942.934 ; gain = 927.758
WARNING: [Timing 38-313] There are no user specified timing constraints. Timing constraints are needed for proper timing analysis.
set_property IOSTANDARD LVCMOS33 [get_ports [list {Anode_Activate[3]} {Anode_Activate[2]} {Anode_Activate[1]} {Anode_Activate[0]}]]
set_property IOSTANDARD LVCMOS33 [get_ports [list {LED_out[6]} {LED_out[5]} {LED_out[4]} {LED_out[3]} {LED_out[2]} {LED_out[1]} {LED_out[0]}]]
place_ports {LED_out[6]} T10
place_ports {LED_out[5]} R10
place_ports {LED_out[4]} K16
place_ports {LED_out[3]} K13
place_ports {LED_out[2]} P15
place_ports {LED_out[1]} T11
place_ports {LED_out[0]} L18
place_ports {Anode_Activate[0]} J17
place_ports {Anode_Activate[1]} J18
place_ports {Anode_Activate[2]} T9
place_ports {Anode_Activate[3]} J14
save_constraints
reset_run impl_1
launch_runs impl_1 -to_step write_bitstream
[Sun Nov 15 17:50:55 2020] Launched impl_1...
Run output will be captured here: C:/Users/aabua/Documents/ECE350/flappyECE350/flappyVivado/flappyVivado.runs/impl_1/runme.log
open_hw_manager
connect_hw_server -allow_non_jtag
INFO: [Labtools 27-2285] Connecting to hw_server url TCP:localhost:3121
INFO: [Labtools 27-2222] Launching hw_server...
INFO: [Labtools 27-2221] Launch Output:

****** Xilinx hw_server v2020.1
  **** Build date : May 27 2020 at 20:24:38
    ** Copyright 1986-2020 Xilinx, Inc. All Rights Reserved.


INFO: [Labtools 27-3415] Connecting to cs_server url TCP:localhost:3042
INFO: [Labtools 27-3417] Launching cs_server...
INFO: [Labtools 27-2221] Launch Output:


****** Xilinx cs_server v2020.1.0
  **** Build date : May 13 2020-21:10:29
    ** Copyright 2017-2020 Xilinx, Inc. All Rights Reserved.



connect_hw_server: Time (s): cpu = 00:00:01 ; elapsed = 00:00:11 . Memory (MB): peak = 1992.793 ; gain = 15.305
open_hw_target
INFO: [Labtoolstcl 44-466] Opening hw_target localhost:3121/xilinx_tcf/Digilent/210292AE244CA
open_hw_target: Time (s): cpu = 00:00:06 ; elapsed = 00:00:06 . Memory (MB): peak = 3297.043 ; gain = 1304.250
set_property PROGRAM.FILE {C:/Users/aabua/Documents/ECE350/flappyECE350/flappyVivado/flappyVivado.runs/impl_1/VGAController.bit} [get_hw_devices xc7a100t_0]
current_hw_device [get_hw_devices xc7a100t_0]
refresh_hw_device -update_hw_probes false [lindex [get_hw_devices xc7a100t_0] 0]
INFO: [Labtools 27-1434] Device xc7a100t (JTAG device index = 0) is programmed with a design that has no supported debug core(s) in it.
set_property PROBES.FILE {} [get_hw_devices xc7a100t_0]
set_property FULL_PROBES.FILE {} [get_hw_devices xc7a100t_0]
set_property PROGRAM.FILE {C:/Users/aabua/Documents/ECE350/flappyECE350/flappyVivado/flappyVivado.runs/impl_1/VGAController.bit} [get_hw_devices xc7a100t_0]
program_hw_devices [get_hw_devices xc7a100t_0]
INFO: [Labtools 27-3164] End of startup status: HIGH
refresh_hw_device [lindex [get_hw_devices xc7a100t_0] 0]
INFO: [Labtools 27-1434] Device xc7a100t (JTAG device index = 0) is programmed with a design that has no supported debug core(s) in it.
close_hw_manager
reset_run synth_1
launch_runs impl_1
[Sun Nov 15 18:10:52 2020] Launched synth_1...
Run output will be captured here: C:/Users/aabua/Documents/ECE350/flappyECE350/flappyVivado/flappyVivado.runs/synth_1/runme.log
[Sun Nov 15 18:10:52 2020] Launched impl_1...
Run output will be captured here: C:/Users/aabua/Documents/ECE350/flappyECE350/flappyVivado/flappyVivado.runs/impl_1/runme.log
refresh_design
Netlist sorting complete. Time (s): cpu = 00:00:00 ; elapsed = 00:00:00.015 . Memory (MB): peak = 3359.898 ; gain = 0.000
INFO: [Netlist 29-17] Analyzing 216 Unisim elements for replacement
INFO: [Netlist 29-28] Unisim Transformation completed in 0 CPU seconds
INFO: [Project 1-479] Netlist was created with Vivado 2020.1
INFO: [Project 1-570] Preparing netlist for logic optimization
INFO: [Timing 38-478] Restoring timing data from binary archive.
INFO: [Timing 38-479] Binary timing data restore complete.
INFO: [Project 1-856] Restoring constraints from binary archive.
INFO: [Project 1-853] Binary constraint restore complete.
Reading XDEF placement.
Reading placer database...
Reading XDEF routing.
Read XDEF File: Time (s): cpu = 00:00:00 ; elapsed = 00:00:00.443 . Memory (MB): peak = 3359.898 ; gain = 0.000
Restored from archive | CPU: 0.000000 secs | Memory: 0.000000 MB |
Finished XDEF File Restore: Time (s): cpu = 00:00:00 ; elapsed = 00:00:00.445 . Memory (MB): peak = 3359.898 ; gain = 0.000
refresh_design: Time (s): cpu = 00:00:12 ; elapsed = 00:00:07 . Memory (MB): peak = 3359.898 ; gain = 11.648
WARNING: [Timing 38-313] There are no user specified timing constraints. Timing constraints are needed for proper timing analysis.
set_property IOSTANDARD LVCMOS33 [get_ports [list {Anode_Activate[7]} {Anode_Activate[6]} {Anode_Activate[5]} {Anode_Activate[4]} {Anode_Activate[3]} {Anode_Activate[2]} {Anode_Activate[1]} {Anode_Activate[0]}]]
place_ports {Anode_Activate[4]} P14
place_ports {Anode_Activate[5]} T14
place_ports {Anode_Activate[6]} K2
place_ports {Anode_Activate[7]} U13
save_constraints -force
reset_run synth_1
launch_runs impl_1 -to_step write_bitstream
[Sun Nov 15 18:51:19 2020] Launched synth_1...
Run output will be captured here: C:/Users/aabua/Documents/ECE350/flappyECE350/flappyVivado/flappyVivado.runs/synth_1/runme.log
[Sun Nov 15 18:51:19 2020] Launched impl_1...
Run output will be captured here: C:/Users/aabua/Documents/ECE350/flappyECE350/flappyVivado/flappyVivado.runs/impl_1/runme.log
open_hw_manager
connect_hw_server -allow_non_jtag
INFO: [Labtools 27-2285] Connecting to hw_server url TCP:localhost:3121
INFO: [Labtools 27-2222] Launching hw_server...
INFO: [Labtools 27-2221] Launch Output:

****** Xilinx hw_server v2020.1
  **** Build date : May 27 2020 at 20:24:38
    ** Copyright 1986-2020 Xilinx, Inc. All Rights Reserved.


INFO: [Labtools 27-3415] Connecting to cs_server url TCP:localhost:3042
INFO: [Labtools 27-3417] Launching cs_server...
INFO: [Labtools 27-2221] Launch Output:


****** Xilinx cs_server v2020.1.0
  **** Build date : May 13 2020-21:10:29
    ** Copyright 2017-2020 Xilinx, Inc. All Rights Reserved.



connect_hw_server: Time (s): cpu = 00:00:01 ; elapsed = 00:00:10 . Memory (MB): peak = 3643.180 ; gain = 0.000
open_hw_target
INFO: [Labtoolstcl 44-466] Opening hw_target localhost:3121/xilinx_tcf/Digilent/210292AE244CA
set_property PROGRAM.FILE {C:/Users/aabua/Documents/ECE350/flappyECE350/flappyVivado/flappyVivado.runs/impl_1/VGAController.bit} [get_hw_devices xc7a100t_0]
current_hw_device [get_hw_devices xc7a100t_0]
refresh_hw_device -update_hw_probes false [lindex [get_hw_devices xc7a100t_0] 0]
INFO: [Labtools 27-1434] Device xc7a100t (JTAG device index = 0) is programmed with a design that has no supported debug core(s) in it.
set_property PROBES.FILE {} [get_hw_devices xc7a100t_0]
set_property FULL_PROBES.FILE {} [get_hw_devices xc7a100t_0]
set_property PROGRAM.FILE {C:/Users/aabua/Documents/ECE350/flappyECE350/flappyVivado/flappyVivado.runs/impl_1/VGAController.bit} [get_hw_devices xc7a100t_0]
program_hw_devices [get_hw_devices xc7a100t_0]
INFO: [Labtools 27-3164] End of startup status: HIGH
refresh_hw_device [lindex [get_hw_devices xc7a100t_0] 0]
INFO: [Labtools 27-1434] Device xc7a100t (JTAG device index = 0) is programmed with a design that has no supported debug core(s) in it.
add_files -norecurse C:/Users/aabua/Documents/ECE350/flappyECE350/flappy_Wrapper.v
update_compile_order -fileset sources_1
set_property top flappy_Wrapper [current_fileset]
update_compile_order -fileset sources_1
add_files -norecurse C:/Users/aabua/Documents/ECE350/flappyECE350/RNA_Processor/processor/processor_memory.mem
add_files -norecurse {C:/Users/aabua/Documents/ECE350/flappyECE350/RNA_Processor/processor/two_bit_comp.v C:/Users/aabua/Documents/ECE350/flappyECE350/RNA_Processor/processor/bit32_comp.v C:/Users/aabua/Documents/ECE350/flappyECE350/RNA_Processor/processor/SRA8.v C:/Users/aabua/Documents/ECE350/flappyECE350/RNA_Processor/processor/bypass.v C:/Users/aabua/Documents/ECE350/flappyECE350/RNA_Processor/processor/adder8.v C:/Users/aabua/Documents/ECE350/flappyECE350/RNA_Processor/processor/SRA4.v C:/Users/aabua/Documents/ECE350/flappyECE350/RNA_Processor/processor/decode_stage.v C:/Users/aabua/Documents/ECE350/flappyECE350/RNA_Processor/processor/mux_16_32bits.v C:/Users/aabua/Documents/ECE350/flappyECE350/RNA_Processor/processor/processor.v C:/Users/aabua/Documents/ECE350/flappyECE350/RNA_Processor/processor/SRA2.v C:/Users/aabua/Documents/ECE350/flappyECE350/RNA_Processor/processor/counter.v C:/Users/aabua/Documents/ECE350/flappyECE350/RNA_Processor/processor/sx16.v C:/Users/aabua/Documents/ECE350/flappyECE350/RNA_Processor/processor/memory_stage.v C:/Users/aabua/Documents/ECE350/flappyECE350/RNA_Processor/processor/mux_4_32bits.v C:/Users/aabua/Documents/ECE350/flappyECE350/RNA_Processor/processor/register.v C:/Users/aabua/Documents/ECE350/flappyECE350/RNA_Processor/processor/mux_16.v C:/Users/aabua/Documents/ECE350/flappyECE350/RNA_Processor/processor/SLL.v C:/Users/aabua/Documents/ECE350/flappyECE350/RNA_Processor/processor/mux_32_32bits.v C:/Users/aabua/Documents/ECE350/flappyECE350/RNA_Processor/processor/SLL1_div.v C:/Users/aabua/Documents/ECE350/flappyECE350/RNA_Processor/processor/multiplier.v C:/Users/aabua/Documents/ECE350/flappyECE350/RNA_Processor/processor/Wrapper.v C:/Users/aabua/Documents/ECE350/flappyECE350/RNA_Processor/processor/execute_stage_ALU.v C:/Users/aabua/Documents/ECE350/flappyECE350/RNA_Processor/processor/counter3.v C:/Users/aabua/Documents/ECE350/flappyECE350/RNA_Processor/processor/RAM.v C:/Users/aabua/Documents/ECE350/flappyECE350/RNA_Processor/processor/SRA16.v C:/Users/aabua/Documents/ECE350/flappyECE350/RNA_Processor/processor/register64.v C:/Users/aabua/Documents/ECE350/flappyECE350/RNA_Processor/processor/alu.v C:/Users/aabua/Documents/ECE350/flappyECE350/RNA_Processor/processor/stall.v C:/Users/aabua/Documents/ECE350/flappyECE350/RNA_Processor/processor/SLL2.v C:/Users/aabua/Documents/ECE350/flappyECE350/RNA_Processor/processor/adder32.v C:/Users/aabua/Documents/ECE350/flappyECE350/RNA_Processor/processor/writeback_stage.v C:/Users/aabua/Documents/ECE350/flappyECE350/RNA_Processor/processor/SLL4.v C:/Users/aabua/Documents/ECE350/flappyECE350/RNA_Processor/processor/eight_bit_comp.v C:/Users/aabua/Documents/ECE350/flappyECE350/RNA_Processor/processor/SLL8.v C:/Users/aabua/Documents/ECE350/flappyECE350/RNA_Processor/processor/Wrapper_tb.v C:/Users/aabua/Documents/ECE350/flappyECE350/RNA_Processor/processor/execute_stage_MultDiv.v C:/Users/aabua/Documents/ECE350/flappyECE350/RNA_Processor/processor/AND.v C:/Users/aabua/Documents/ECE350/flappyECE350/RNA_Processor/processor/mux_2_32bits.v C:/Users/aabua/Documents/ECE350/flappyECE350/RNA_Processor/processor/mux_8_32bits.v C:/Users/aabua/Documents/ECE350/flappyECE350/RNA_Processor/processor/OR.v C:/Users/aabua/Documents/ECE350/flappyECE350/RNA_Processor/processor/SRA1.v C:/Users/aabua/Documents/ECE350/flappyECE350/RNA_Processor/processor/register32.v C:/Users/aabua/Documents/ECE350/flappyECE350/RNA_Processor/processor/sub.v C:/Users/aabua/Documents/ECE350/flappyECE350/RNA_Processor/processor/ROM.v C:/Users/aabua/Documents/ECE350/flappyECE350/RNA_Processor/processor/division.v C:/Users/aabua/Documents/ECE350/flappyECE350/RNA_Processor/processor/multiplication.v C:/Users/aabua/Documents/ECE350/flappyECE350/RNA_Processor/processor/mux_8.v C:/Users/aabua/Documents/ECE350/flappyECE350/RNA_Processor/processor/mux_32.v C:/Users/aabua/Documents/ECE350/flappyECE350/RNA_Processor/processor/control.v C:/Users/aabua/Documents/ECE350/flappyECE350/RNA_Processor/processor/dffe_ref.v C:/Users/aabua/Documents/ECE350/flappyECE350/RNA_Processor/processor/mux_4.v C:/Users/aabua/Documents/ECE350/flappyECE350/RNA_Processor/processor/mux_2.v C:/Users/aabua/Documents/ECE350/flappyECE350/RNA_Processor/processor/regfile.v C:/Users/aabua/Documents/ECE350/flappyECE350/RNA_Processor/processor/counter2.v C:/Users/aabua/Documents/ECE350/flappyECE350/RNA_Processor/processor/decoder_5bits.v C:/Users/aabua/Documents/ECE350/flappyECE350/RNA_Processor/processor/triStateBuff_32.v C:/Users/aabua/Documents/ECE350/flappyECE350/RNA_Processor/processor/register65.v C:/Users/aabua/Documents/ECE350/flappyECE350/RNA_Processor/processor/SRA1_mult.v C:/Users/aabua/Documents/ECE350/flappyECE350/RNA_Processor/processor/divider.v C:/Users/aabua/Documents/ECE350/flappyECE350/RNA_Processor/processor/SLL1.v C:/Users/aabua/Documents/ECE350/flappyECE350/RNA_Processor/processor/SRA.v C:/Users/aabua/Documents/ECE350/flappyECE350/RNA_Processor/processor/SLL16.v C:/Users/aabua/Documents/ECE350/flappyECE350/RNA_Processor/processor/exception_check.v C:/Users/aabua/Documents/ECE350/flappyECE350/RNA_Processor/processor/multdiv.v}
update_compile_order -fileset sources_1
reset_run synth_1
launch_runs impl_1
[Sun Nov 15 19:47:16 2020] Launched synth_1...
Run output will be captured here: C:/Users/aabua/Documents/ECE350/flappyECE350/flappyVivado/flappyVivado.runs/synth_1/runme.log
[Sun Nov 15 19:47:16 2020] Launched impl_1...
Run output will be captured here: C:/Users/aabua/Documents/ECE350/flappyECE350/flappyVivado/flappyVivado.runs/impl_1/runme.log
reset_run synth_1
launch_runs impl_1
[Sun Nov 15 20:01:08 2020] Launched synth_1...
Run output will be captured here: C:/Users/aabua/Documents/ECE350/flappyECE350/flappyVivado/flappyVivado.runs/synth_1/runme.log
[Sun Nov 15 20:01:08 2020] Launched impl_1...
Run output will be captured here: C:/Users/aabua/Documents/ECE350/flappyECE350/flappyVivado/flappyVivado.runs/impl_1/runme.log
refresh_design
Netlist sorting complete. Time (s): cpu = 00:00:00 ; elapsed = 00:00:00.019 . Memory (MB): peak = 3657.676 ; gain = 0.000
INFO: [Netlist 29-17] Analyzing 169 Unisim elements for replacement
INFO: [Netlist 29-28] Unisim Transformation completed in 0 CPU seconds
INFO: [Project 1-479] Netlist was created with Vivado 2020.1
INFO: [Project 1-570] Preparing netlist for logic optimization
INFO: [Timing 38-478] Restoring timing data from binary archive.
INFO: [Timing 38-479] Binary timing data restore complete.
INFO: [Project 1-856] Restoring constraints from binary archive.
INFO: [Project 1-853] Binary constraint restore complete.
Reading XDEF placement.
Reading placer database...
Reading XDEF routing.
Read XDEF File: Time (s): cpu = 00:00:01 ; elapsed = 00:00:00.497 . Memory (MB): peak = 3657.676 ; gain = 0.000
Restored from archive | CPU: 1.000000 secs | Memory: 0.000000 MB |
Finished XDEF File Restore: Time (s): cpu = 00:00:01 ; elapsed = 00:00:00.497 . Memory (MB): peak = 3657.676 ; gain = 0.000
refresh_design: Time (s): cpu = 00:00:17 ; elapsed = 00:00:12 . Memory (MB): peak = 3657.676 ; gain = 0.000
WARNING: [Timing 38-313] There are no user specified timing constraints. Timing constraints are needed for proper timing analysis.
place_ports clock E3
save_constraints
reset_run impl_1
launch_runs impl_1 -to_step write_bitstream
[Sun Nov 15 20:08:11 2020] Launched impl_1...
Run output will be captured here: C:/Users/aabua/Documents/ECE350/flappyECE350/flappyVivado/flappyVivado.runs/impl_1/runme.log
set_property IOSTANDARD LVCMOS33 [get_ports [list clock]]
save_constraints -force
reset_run impl_1
launch_runs impl_1 -to_step write_bitstream
[Sun Nov 15 20:11:02 2020] Launched impl_1...
Run output will be captured here: C:/Users/aabua/Documents/ECE350/flappyECE350/flappyVivado/flappyVivado.runs/impl_1/runme.log
set_property PROBES.FILE {} [get_hw_devices xc7a100t_0]
set_property FULL_PROBES.FILE {} [get_hw_devices xc7a100t_0]
set_property PROGRAM.FILE {C:/Users/aabua/Documents/ECE350/flappyECE350/flappyVivado/flappyVivado.runs/impl_1/flappy_Wrapper.bit} [get_hw_devices xc7a100t_0]
program_hw_devices [get_hw_devices xc7a100t_0]
INFO: [Labtools 27-3164] End of startup status: HIGH
refresh_hw_device [lindex [get_hw_devices xc7a100t_0] 0]
INFO: [Labtools 27-1434] Device xc7a100t (JTAG device index = 0) is programmed with a design that has no supported debug core(s) in it.
ERROR: [Labtoolstcl 44-513] HW Target shutdown. Closing target: localhost:3121/xilinx_tcf/Digilent/210292AE244CA
INFO: [Labtoolstcl 44-466] Opening hw_target localhost:3121/xilinx_tcf/Digilent/210292AE244CA
INFO: [Labtools 27-1434] Device xc7a100t (JTAG device index = 0) is programmed with a design that has no supported debug core(s) in it.
WARNING: [Labtoolstcl 44-129] No matching hw_ila_data was found.
refresh_hw_device [lindex [get_hw_devices xc7a100t_0] 0]
INFO: [Labtools 27-1434] Device xc7a100t (JTAG device index = 0) is programmed with a design that has no supported debug core(s) in it.
reset_run synth_1
launch_runs impl_1 -to_step write_bitstream
[Sun Nov 15 21:59:28 2020] Launched synth_1...
Run output will be captured here: C:/Users/aabua/Documents/ECE350/flappyECE350/flappyVivado/flappyVivado.runs/synth_1/runme.log
[Sun Nov 15 21:59:28 2020] Launched impl_1...
Run output will be captured here: C:/Users/aabua/Documents/ECE350/flappyECE350/flappyVivado/flappyVivado.runs/impl_1/runme.log
set_property PROBES.FILE {} [get_hw_devices xc7a100t_0]
set_property FULL_PROBES.FILE {} [get_hw_devices xc7a100t_0]
set_property PROGRAM.FILE {C:/Users/aabua/Documents/ECE350/flappyECE350/flappyVivado/flappyVivado.runs/impl_1/flappy_Wrapper.bit} [get_hw_devices xc7a100t_0]
program_hw_devices [get_hw_devices xc7a100t_0]
INFO: [Labtools 27-3164] End of startup status: HIGH
refresh_hw_device [lindex [get_hw_devices xc7a100t_0] 0]
INFO: [Labtools 27-1434] Device xc7a100t (JTAG device index = 0) is programmed with a design that has no supported debug core(s) in it.
ERROR: [Labtoolstcl 44-513] HW Target shutdown. Closing target: localhost:3121/xilinx_tcf/Digilent/210292AE244CA
INFO: [Labtoolstcl 44-466] Opening hw_target localhost:3121/xilinx_tcf/Digilent/210292AE244CA
INFO: [Labtools 27-1434] Device xc7a100t (JTAG device index = 0) is programmed with a design that has no supported debug core(s) in it.
WARNING: [Labtoolstcl 44-129] No matching hw_ila_data was found.
set_property PROBES.FILE {} [get_hw_devices xc7a100t_0]
set_property FULL_PROBES.FILE {} [get_hw_devices xc7a100t_0]
set_property PROGRAM.FILE {C:/Users/aabua/Documents/ECE350/flappyECE350/flappyVivado/flappyVivado.runs/impl_1/flappy_Wrapper.bit} [get_hw_devices xc7a100t_0]
program_hw_devices [get_hw_devices xc7a100t_0]
INFO: [Labtools 27-3164] End of startup status: HIGH
refresh_hw_device [lindex [get_hw_devices xc7a100t_0] 0]
INFO: [Labtools 27-1434] Device xc7a100t (JTAG device index = 0) is programmed with a design that has no supported debug core(s) in it.
reset_run impl_1 -prev_step 
launch_runs impl_1 -to_step write_bitstream
[Sun Nov 15 22:34:24 2020] Launched impl_1...
Run output will be captured here: C:/Users/aabua/Documents/ECE350/flappyECE350/flappyVivado/flappyVivado.runs/impl_1/runme.log
set_property PROBES.FILE {} [get_hw_devices xc7a100t_0]
set_property FULL_PROBES.FILE {} [get_hw_devices xc7a100t_0]
set_property PROGRAM.FILE {C:/Users/aabua/Documents/ECE350/flappyECE350/flappyVivado/flappyVivado.runs/impl_1/flappy_Wrapper.bit} [get_hw_devices xc7a100t_0]
program_hw_devices [get_hw_devices xc7a100t_0]
INFO: [Labtools 27-3164] End of startup status: HIGH
refresh_hw_device [lindex [get_hw_devices xc7a100t_0] 0]
INFO: [Labtools 27-1434] Device xc7a100t (JTAG device index = 0) is programmed with a design that has no supported debug core(s) in it.
ERROR: [Labtoolstcl 44-513] HW Target shutdown. Closing target: localhost:3121/xilinx_tcf/Digilent/210292AE244CA
export_ip_user_files -of_objects  [get_files C:/Users/aabua/Documents/ECE350/flappyECE350/upper.v] -no_script -reset -force -quiet
remove_files  C:/Users/aabua/Documents/ECE350/flappyECE350/upper.v
update_compile_order -fileset sources_1
set_property source_mgmt_mode DisplayOnly [current_project]
export_ip_user_files -of_objects  [get_files C:/Users/aabua/Documents/ECE350/flappyECE350/RNA_Processor/processor/counter.v] -no_script -reset -force -quiet
export_ip_user_files -of_objects  [get_files C:/Users/aabua/Documents/ECE350/flappyECE350/RNA_Processor/processor/Wrapper.v] -no_script -reset -force -quiet
export_ip_user_files -of_objects  [get_files C:/Users/aabua/Documents/ECE350/flappyECE350/RNA_Processor/processor/mux_32.v] -no_script -reset -force -quiet
export_ip_user_files -of_objects  [get_files C:/Users/aabua/Documents/ECE350/flappyECE350/RNA_Processor/processor/counter3.v] -no_script -reset -force -quiet
export_ip_user_files -of_objects  [get_files C:/Users/aabua/Documents/ECE350/flappyECE350/RNA_Processor/processor/Wrapper_tb.v] -no_script -reset -force -quiet
export_ip_user_files -of_objects  [get_files C:/Users/aabua/Documents/ECE350/flappyECE350/RAM.v] -no_script -reset -force -quiet
export_ip_user_files -of_objects  [get_files C:/Users/aabua/Documents/ECE350/flappyECE350/RNA_Processor/processor/divider.v] -no_script -reset -force -quiet
export_ip_user_files -of_objects  [get_files C:/Users/aabua/Documents/ECE350/flappyECE350/RNA_Processor/processor/multiplier.v] -no_script -reset -force -quiet
export_ip_user_files -of_objects  [get_files C:/Users/aabua/Documents/ECE350/flappyECE350/RNA_Processor/processor/AND.v] -no_script -reset -force -quiet
export_ip_user_files -of_objects  [get_files C:/Users/aabua/Documents/ECE350/flappyECE350/RNA_Processor/processor/OR.v] -no_script -reset -force -quiet
remove_files  {C:/Users/aabua/Documents/ECE350/flappyECE350/RNA_Processor/processor/counter.v C:/Users/aabua/Documents/ECE350/flappyECE350/RNA_Processor/processor/Wrapper.v C:/Users/aabua/Documents/ECE350/flappyECE350/RNA_Processor/processor/mux_32.v C:/Users/aabua/Documents/ECE350/flappyECE350/RNA_Processor/processor/counter3.v C:/Users/aabua/Documents/ECE350/flappyECE350/RNA_Processor/processor/Wrapper_tb.v C:/Users/aabua/Documents/ECE350/flappyECE350/RAM.v C:/Users/aabua/Documents/ECE350/flappyECE350/RNA_Processor/processor/divider.v C:/Users/aabua/Documents/ECE350/flappyECE350/RNA_Processor/processor/multiplier.v C:/Users/aabua/Documents/ECE350/flappyECE350/RNA_Processor/processor/AND.v C:/Users/aabua/Documents/ECE350/flappyECE350/RNA_Processor/processor/OR.v}
export_ip_user_files -of_objects  [get_files C:/Users/aabua/Documents/ECE350/flappyECE350/RNA_Processor/processor/regfile.v] -no_script -reset -force -quiet
export_ip_user_files -of_objects  [get_files C:/Users/aabua/Documents/ECE350/flappyECE350/RNA_Processor/processor/processor.v] -no_script -reset -force -quiet
export_ip_user_files -of_objects  [get_files C:/Users/aabua/Documents/ECE350/flappyECE350/RNA_Processor/processor/mux_16.v] -no_script -reset -force -quiet
export_ip_user_files -of_objects  [get_files C:/Users/aabua/Documents/ECE350/flappyECE350/RNA_Processor/processor/RAM.v] -no_script -reset -force -quiet
export_ip_user_files -of_objects  [get_files C:/Users/aabua/Documents/ECE350/flappyECE350/RNA_Processor/processor/ROM.v] -no_script -reset -force -quiet
remove_files  {C:/Users/aabua/Documents/ECE350/flappyECE350/RNA_Processor/processor/regfile.v C:/Users/aabua/Documents/ECE350/flappyECE350/RNA_Processor/processor/processor.v C:/Users/aabua/Documents/ECE350/flappyECE350/RNA_Processor/processor/mux_16.v C:/Users/aabua/Documents/ECE350/flappyECE350/RNA_Processor/processor/RAM.v C:/Users/aabua/Documents/ECE350/flappyECE350/RNA_Processor/processor/ROM.v}
export_ip_user_files -of_objects  [get_files C:/Users/aabua/Documents/ECE350/flappyECE350/RNA_Processor/processor/register.v] -no_script -reset -force -quiet
export_ip_user_files -of_objects  [get_files C:/Users/aabua/Documents/ECE350/flappyECE350/RNA_Processor/processor/execute_stage_MultDiv.v] -no_script -reset -force -quiet
export_ip_user_files -of_objects  [get_files C:/Users/aabua/Documents/ECE350/flappyECE350/RNA_Processor/processor/execute_stage_ALU.v] -no_script -reset -force -quiet
export_ip_user_files -of_objects  [get_files C:/Users/aabua/Documents/ECE350/flappyECE350/RNA_Processor/processor/decode_stage.v] -no_script -reset -force -quiet
export_ip_user_files -of_objects  [get_files C:/Users/aabua/Documents/ECE350/flappyECE350/RNA_Processor/processor/bypass.v] -no_script -reset -force -quiet
export_ip_user_files -of_objects  [get_files C:/Users/aabua/Documents/ECE350/flappyECE350/RNA_Processor/processor/decoder_5bits.v] -no_script -reset -force -quiet
export_ip_user_files -of_objects  [get_files C:/Users/aabua/Documents/ECE350/flappyECE350/RNA_Processor/processor/memory_stage.v] -no_script -reset -force -quiet
export_ip_user_files -of_objects  [get_files C:/Users/aabua/Documents/ECE350/flappyECE350/RNA_Processor/processor/stall.v] -no_script -reset -force -quiet
export_ip_user_files -of_objects  [get_files C:/Users/aabua/Documents/ECE350/flappyECE350/RNA_Processor/processor/triStateBuff_32.v] -no_script -reset -force -quiet
export_ip_user_files -of_objects  [get_files C:/Users/aabua/Documents/ECE350/flappyECE350/RNA_Processor/processor/writeback_stage.v] -no_script -reset -force -quiet
remove_files  {C:/Users/aabua/Documents/ECE350/flappyECE350/RNA_Processor/processor/register.v C:/Users/aabua/Documents/ECE350/flappyECE350/RNA_Processor/processor/execute_stage_MultDiv.v C:/Users/aabua/Documents/ECE350/flappyECE350/RNA_Processor/processor/execute_stage_ALU.v C:/Users/aabua/Documents/ECE350/flappyECE350/RNA_Processor/processor/decode_stage.v C:/Users/aabua/Documents/ECE350/flappyECE350/RNA_Processor/processor/bypass.v C:/Users/aabua/Documents/ECE350/flappyECE350/RNA_Processor/processor/decoder_5bits.v C:/Users/aabua/Documents/ECE350/flappyECE350/RNA_Processor/processor/memory_stage.v C:/Users/aabua/Documents/ECE350/flappyECE350/RNA_Processor/processor/stall.v C:/Users/aabua/Documents/ECE350/flappyECE350/RNA_Processor/processor/triStateBuff_32.v C:/Users/aabua/Documents/ECE350/flappyECE350/RNA_Processor/processor/writeback_stage.v}
export_ip_user_files -of_objects  [get_files C:/Users/aabua/Documents/ECE350/flappyECE350/RNA_Processor/processor/alu.v] -no_script -reset -force -quiet
export_ip_user_files -of_objects  [get_files C:/Users/aabua/Documents/ECE350/flappyECE350/RNA_Processor/processor/multdiv.v] -no_script -reset -force -quiet
export_ip_user_files -of_objects  [get_files C:/Users/aabua/Documents/ECE350/flappyECE350/RNA_Processor/processor/sx16.v] -no_script -reset -force -quiet
remove_files  {C:/Users/aabua/Documents/ECE350/flappyECE350/RNA_Processor/processor/alu.v C:/Users/aabua/Documents/ECE350/flappyECE350/RNA_Processor/processor/multdiv.v C:/Users/aabua/Documents/ECE350/flappyECE350/RNA_Processor/processor/sx16.v}
export_ip_user_files -of_objects  [get_files C:/Users/aabua/Documents/ECE350/flappyECE350/RNA_Processor/processor/register32.v] -no_script -reset -force -quiet
export_ip_user_files -of_objects  [get_files C:/Users/aabua/Documents/ECE350/flappyECE350/RNA_Processor/processor/SLL.v] -no_script -reset -force -quiet
export_ip_user_files -of_objects  [get_files C:/Users/aabua/Documents/ECE350/flappyECE350/RNA_Processor/processor/SRA.v] -no_script -reset -force -quiet
export_ip_user_files -of_objects  [get_files C:/Users/aabua/Documents/ECE350/flappyECE350/RNA_Processor/processor/division.v] -no_script -reset -force -quiet
export_ip_user_files -of_objects  [get_files C:/Users/aabua/Documents/ECE350/flappyECE350/RNA_Processor/processor/multiplication.v] -no_script -reset -force -quiet
export_ip_user_files -of_objects  [get_files C:/Users/aabua/Documents/ECE350/flappyECE350/RNA_Processor/processor/bit32_comp.v] -no_script -reset -force -quiet
export_ip_user_files -of_objects  [get_files C:/Users/aabua/Documents/ECE350/flappyECE350/RNA_Processor/processor/mux_32_32bits.v] -no_script -reset -force -quiet
remove_files  {C:/Users/aabua/Documents/ECE350/flappyECE350/RNA_Processor/processor/register32.v C:/Users/aabua/Documents/ECE350/flappyECE350/RNA_Processor/processor/SLL.v C:/Users/aabua/Documents/ECE350/flappyECE350/RNA_Processor/processor/SRA.v C:/Users/aabua/Documents/ECE350/flappyECE350/RNA_Processor/processor/division.v C:/Users/aabua/Documents/ECE350/flappyECE350/RNA_Processor/processor/multiplication.v C:/Users/aabua/Documents/ECE350/flappyECE350/RNA_Processor/processor/bit32_comp.v C:/Users/aabua/Documents/ECE350/flappyECE350/RNA_Processor/processor/mux_32_32bits.v}
export_ip_user_files -of_objects  [get_files C:/Users/aabua/Documents/ECE350/flappyECE350/RNA_Processor/processor/register65.v] -no_script -reset -force -quiet
export_ip_user_files -of_objects  [get_files C:/Users/aabua/Documents/ECE350/flappyECE350/RNA_Processor/processor/register64.v] -no_script -reset -force -quiet
export_ip_user_files -of_objects  [get_files C:/Users/aabua/Documents/ECE350/flappyECE350/RNA_Processor/processor/counter2.v] -no_script -reset -force -quiet
export_ip_user_files -of_objects  [get_files C:/Users/aabua/Documents/ECE350/flappyECE350/RNA_Processor/processor/adder32.v] -no_script -reset -force -quiet
export_ip_user_files -of_objects  [get_files C:/Users/aabua/Documents/ECE350/flappyECE350/RNA_Processor/processor/eight_bit_comp.v] -no_script -reset -force -quiet
export_ip_user_files -of_objects  [get_files C:/Users/aabua/Documents/ECE350/flappyECE350/RNA_Processor/processor/mux_16_32bits.v] -no_script -reset -force -quiet
export_ip_user_files -of_objects  [get_files C:/Users/aabua/Documents/ECE350/flappyECE350/RNA_Processor/processor/SLL1.v] -no_script -reset -force -quiet
export_ip_user_files -of_objects  [get_files C:/Users/aabua/Documents/ECE350/flappyECE350/RNA_Processor/processor/SLL16.v] -no_script -reset -force -quiet
export_ip_user_files -of_objects  [get_files C:/Users/aabua/Documents/ECE350/flappyECE350/RNA_Processor/processor/SLL1_div.v] -no_script -reset -force -quiet
export_ip_user_files -of_objects  [get_files C:/Users/aabua/Documents/ECE350/flappyECE350/RNA_Processor/processor/SLL2.v] -no_script -reset -force -quiet
export_ip_user_files -of_objects  [get_files C:/Users/aabua/Documents/ECE350/flappyECE350/RNA_Processor/processor/SLL4.v] -no_script -reset -force -quiet
export_ip_user_files -of_objects  [get_files C:/Users/aabua/Documents/ECE350/flappyECE350/RNA_Processor/processor/SLL8.v] -no_script -reset -force -quiet
export_ip_user_files -of_objects  [get_files C:/Users/aabua/Documents/ECE350/flappyECE350/RNA_Processor/processor/SRA1.v] -no_script -reset -force -quiet
export_ip_user_files -of_objects  [get_files C:/Users/aabua/Documents/ECE350/flappyECE350/RNA_Processor/processor/SRA16.v] -no_script -reset -force -quiet
export_ip_user_files -of_objects  [get_files C:/Users/aabua/Documents/ECE350/flappyECE350/RNA_Processor/processor/SRA1_mult.v] -no_script -reset -force -quiet
export_ip_user_files -of_objects  [get_files C:/Users/aabua/Documents/ECE350/flappyECE350/RNA_Processor/processor/SRA2.v] -no_script -reset -force -quiet
export_ip_user_files -of_objects  [get_files C:/Users/aabua/Documents/ECE350/flappyECE350/RNA_Processor/processor/SRA4.v] -no_script -reset -force -quiet
export_ip_user_files -of_objects  [get_files C:/Users/aabua/Documents/ECE350/flappyECE350/RNA_Processor/processor/SRA8.v] -no_script -reset -force -quiet
export_ip_user_files -of_objects  [get_files C:/Users/aabua/Documents/ECE350/flappyECE350/RNA_Processor/processor/control.v] -no_script -reset -force -quiet
export_ip_user_files -of_objects  [get_files C:/Users/aabua/Documents/ECE350/flappyECE350/RNA_Processor/processor/exception_check.v] -no_script -reset -force -quiet
remove_files  {C:/Users/aabua/Documents/ECE350/flappyECE350/RNA_Processor/processor/register65.v C:/Users/aabua/Documents/ECE350/flappyECE350/RNA_Processor/processor/register64.v C:/Users/aabua/Documents/ECE350/flappyECE350/RNA_Processor/processor/counter2.v C:/Users/aabua/Documents/ECE350/flappyECE350/RNA_Processor/processor/adder32.v C:/Users/aabua/Documents/ECE350/flappyECE350/RNA_Processor/processor/eight_bit_comp.v C:/Users/aabua/Documents/ECE350/flappyECE350/RNA_Processor/processor/mux_16_32bits.v C:/Users/aabua/Documents/ECE350/flappyECE350/RNA_Processor/processor/SLL1.v C:/Users/aabua/Documents/ECE350/flappyECE350/RNA_Processor/processor/SLL16.v C:/Users/aabua/Documents/ECE350/flappyECE350/RNA_Processor/processor/SLL1_div.v C:/Users/aabua/Documents/ECE350/flappyECE350/RNA_Processor/processor/SLL2.v C:/Users/aabua/Documents/ECE350/flappyECE350/RNA_Processor/processor/SLL4.v C:/Users/aabua/Documents/ECE350/flappyECE350/RNA_Processor/processor/SLL8.v C:/Users/aabua/Documents/ECE350/flappyECE350/RNA_Processor/processor/SRA1.v C:/Users/aabua/Documents/ECE350/flappyECE350/RNA_Processor/processor/SRA16.v C:/Users/aabua/Documents/ECE350/flappyECE350/RNA_Processor/processor/SRA1_mult.v C:/Users/aabua/Documents/ECE350/flappyECE350/RNA_Processor/processor/SRA2.v C:/Users/aabua/Documents/ECE350/flappyECE350/RNA_Processor/processor/SRA4.v C:/Users/aabua/Documents/ECE350/flappyECE350/RNA_Processor/processor/SRA8.v C:/Users/aabua/Documents/ECE350/flappyECE350/RNA_Processor/processor/control.v C:/Users/aabua/Documents/ECE350/flappyECE350/RNA_Processor/processor/exception_check.v}
export_ip_user_files -of_objects  [get_files C:/Users/aabua/Documents/ECE350/flappyECE350/RNA_Processor/processor/mux_8_32bits.v] -no_script -reset -force -quiet
export_ip_user_files -of_objects  [get_files C:/Users/aabua/Documents/ECE350/flappyECE350/RNA_Processor/processor/two_bit_comp.v] -no_script -reset -force -quiet
export_ip_user_files -of_objects  [get_files C:/Users/aabua/Documents/ECE350/flappyECE350/RNA_Processor/processor/adder8.v] -no_script -reset -force -quiet
export_ip_user_files -of_objects  [get_files C:/Users/aabua/Documents/ECE350/flappyECE350/RNA_Processor/processor/dffe_ref.v] -no_script -reset -force -quiet
export_ip_user_files -of_objects  [get_files C:/Users/aabua/Documents/ECE350/flappyECE350/RNA_Processor/processor/sub.v] -no_script -reset -force -quiet
remove_files  {C:/Users/aabua/Documents/ECE350/flappyECE350/RNA_Processor/processor/mux_8_32bits.v C:/Users/aabua/Documents/ECE350/flappyECE350/RNA_Processor/processor/two_bit_comp.v C:/Users/aabua/Documents/ECE350/flappyECE350/RNA_Processor/processor/adder8.v C:/Users/aabua/Documents/ECE350/flappyECE350/RNA_Processor/processor/dffe_ref.v C:/Users/aabua/Documents/ECE350/flappyECE350/RNA_Processor/processor/sub.v}
export_ip_user_files -of_objects  [get_files C:/Users/aabua/Documents/ECE350/flappyECE350/RNA_Processor/processor/mux_4_32bits.v] -no_script -reset -force -quiet
export_ip_user_files -of_objects  [get_files C:/Users/aabua/Documents/ECE350/flappyECE350/RNA_Processor/processor/mux_8.v] -no_script -reset -force -quiet
remove_files  {C:/Users/aabua/Documents/ECE350/flappyECE350/RNA_Processor/processor/mux_4_32bits.v C:/Users/aabua/Documents/ECE350/flappyECE350/RNA_Processor/processor/mux_8.v}
export_ip_user_files -of_objects  [get_files C:/Users/aabua/Documents/ECE350/flappyECE350/RNA_Processor/processor/mux_4.v] -no_script -reset -force -quiet
export_ip_user_files -of_objects  [get_files C:/Users/aabua/Documents/ECE350/flappyECE350/RNA_Processor/processor/mux_2_32bits.v] -no_script -reset -force -quiet
remove_files  {C:/Users/aabua/Documents/ECE350/flappyECE350/RNA_Processor/processor/mux_4.v C:/Users/aabua/Documents/ECE350/flappyECE350/RNA_Processor/processor/mux_2_32bits.v}
export_ip_user_files -of_objects  [get_files C:/Users/aabua/Documents/ECE350/flappyECE350/RNA_Processor/processor/mux_2.v] -no_script -reset -force -quiet
remove_files  C:/Users/aabua/Documents/ECE350/flappyECE350/RNA_Processor/processor/mux_2.v
add_files -norecurse {C:/Users/aabua/Documents/ECE350/flappyECE350/RNA_Processor/processor/two_bit_comp.v C:/Users/aabua/Documents/ECE350/flappyECE350/RNA_Processor/processor/bit32_comp.v C:/Users/aabua/Documents/ECE350/flappyECE350/RNA_Processor/processor/SRA8.v C:/Users/aabua/Documents/ECE350/flappyECE350/RNA_Processor/processor/bypass.v C:/Users/aabua/Documents/ECE350/flappyECE350/RNA_Processor/processor/adder8.v C:/Users/aabua/Documents/ECE350/flappyECE350/RNA_Processor/processor/SRA4.v C:/Users/aabua/Documents/ECE350/flappyECE350/RNA_Processor/processor/decode_stage.v C:/Users/aabua/Documents/ECE350/flappyECE350/RNA_Processor/processor/mux_16_32bits.v C:/Users/aabua/Documents/ECE350/flappyECE350/RNA_Processor/processor/processor.v C:/Users/aabua/Documents/ECE350/flappyECE350/RNA_Processor/processor/SRA2.v C:/Users/aabua/Documents/ECE350/flappyECE350/RNA_Processor/processor/counter.v C:/Users/aabua/Documents/ECE350/flappyECE350/RNA_Processor/processor/sx16.v C:/Users/aabua/Documents/ECE350/flappyECE350/RNA_Processor/processor/memory_stage.v C:/Users/aabua/Documents/ECE350/flappyECE350/RNA_Processor/processor/mux_4_32bits.v C:/Users/aabua/Documents/ECE350/flappyECE350/RNA_Processor/processor/register.v C:/Users/aabua/Documents/ECE350/flappyECE350/RNA_Processor/processor/mux_16.v C:/Users/aabua/Documents/ECE350/flappyECE350/RNA_Processor/processor/SLL.v C:/Users/aabua/Documents/ECE350/flappyECE350/RNA_Processor/processor/mux_32_32bits.v C:/Users/aabua/Documents/ECE350/flappyECE350/RNA_Processor/processor/SLL1_div.v C:/Users/aabua/Documents/ECE350/flappyECE350/RNA_Processor/processor/multiplier.v C:/Users/aabua/Documents/ECE350/flappyECE350/RNA_Processor/processor/Wrapper.v C:/Users/aabua/Documents/ECE350/flappyECE350/RNA_Processor/processor/execute_stage_ALU.v C:/Users/aabua/Documents/ECE350/flappyECE350/RNA_Processor/processor/counter3.v C:/Users/aabua/Documents/ECE350/flappyECE350/RNA_Processor/processor/RAM.v C:/Users/aabua/Documents/ECE350/flappyECE350/RNA_Processor/processor/SRA16.v C:/Users/aabua/Documents/ECE350/flappyECE350/RNA_Processor/processor/register64.v C:/Users/aabua/Documents/ECE350/flappyECE350/RNA_Processor/processor/alu.v C:/Users/aabua/Documents/ECE350/flappyECE350/RNA_Processor/processor/stall.v C:/Users/aabua/Documents/ECE350/flappyECE350/RNA_Processor/processor/VGATimingGenerator.v C:/Users/aabua/Documents/ECE350/flappyECE350/RNA_Processor/processor/SLL2.v C:/Users/aabua/Documents/ECE350/flappyECE350/RNA_Processor/processor/adder32.v C:/Users/aabua/Documents/ECE350/flappyECE350/RNA_Processor/processor/writeback_stage.v C:/Users/aabua/Documents/ECE350/flappyECE350/RNA_Processor/processor/SLL4.v C:/Users/aabua/Documents/ECE350/flappyECE350/RNA_Processor/processor/eight_bit_comp.v C:/Users/aabua/Documents/ECE350/flappyECE350/RNA_Processor/processor/SLL8.v C:/Users/aabua/Documents/ECE350/flappyECE350/RNA_Processor/processor/Wrapper_tb.v C:/Users/aabua/Documents/ECE350/flappyECE350/RNA_Processor/processor/execute_stage_MultDiv.v C:/Users/aabua/Documents/ECE350/flappyECE350/RNA_Processor/processor/AND.v C:/Users/aabua/Documents/ECE350/flappyECE350/RNA_Processor/processor/VGAController.v C:/Users/aabua/Documents/ECE350/flappyECE350/RNA_Processor/processor/mux_2_32bits.v C:/Users/aabua/Documents/ECE350/flappyECE350/RNA_Processor/processor/mux_8_32bits.v C:/Users/aabua/Documents/ECE350/flappyECE350/RNA_Processor/processor/OR.v C:/Users/aabua/Documents/ECE350/flappyECE350/RNA_Processor/processor/SRA1.v C:/Users/aabua/Documents/ECE350/flappyECE350/RNA_Processor/processor/register32.v C:/Users/aabua/Documents/ECE350/flappyECE350/RNA_Processor/processor/sub.v C:/Users/aabua/Documents/ECE350/flappyECE350/RNA_Processor/processor/ROM.v C:/Users/aabua/Documents/ECE350/flappyECE350/RNA_Processor/processor/division.v C:/Users/aabua/Documents/ECE350/flappyECE350/RNA_Processor/processor/multiplication.v C:/Users/aabua/Documents/ECE350/flappyECE350/RNA_Processor/processor/mux_8.v C:/Users/aabua/Documents/ECE350/flappyECE350/RNA_Processor/processor/mux_32.v C:/Users/aabua/Documents/ECE350/flappyECE350/RNA_Processor/processor/control.v C:/Users/aabua/Documents/ECE350/flappyECE350/RNA_Processor/processor/dffe_ref.v C:/Users/aabua/Documents/ECE350/flappyECE350/RNA_Processor/processor/mux_4.v C:/Users/aabua/Documents/ECE350/flappyECE350/RNA_Processor/processor/mux_2.v C:/Users/aabua/Documents/ECE350/flappyECE350/RNA_Processor/processor/regfile.v C:/Users/aabua/Documents/ECE350/flappyECE350/RNA_Processor/processor/flappy_Wrapper.v C:/Users/aabua/Documents/ECE350/flappyECE350/RNA_Processor/processor/counter2.v C:/Users/aabua/Documents/ECE350/flappyECE350/RNA_Processor/processor/decoder_5bits.v C:/Users/aabua/Documents/ECE350/flappyECE350/RNA_Processor/processor/triStateBuff_32.v C:/Users/aabua/Documents/ECE350/flappyECE350/RNA_Processor/processor/register65.v C:/Users/aabua/Documents/ECE350/flappyECE350/RNA_Processor/processor/SRA1_mult.v C:/Users/aabua/Documents/ECE350/flappyECE350/RNA_Processor/processor/divider.v C:/Users/aabua/Documents/ECE350/flappyECE350/RNA_Processor/processor/SLL1.v C:/Users/aabua/Documents/ECE350/flappyECE350/RNA_Processor/processor/SRA.v C:/Users/aabua/Documents/ECE350/flappyECE350/RNA_Processor/processor/SLL16.v C:/Users/aabua/Documents/ECE350/flappyECE350/RNA_Processor/processor/exception_check.v C:/Users/aabua/Documents/ECE350/flappyECE350/RNA_Processor/processor/multdiv.v}
add_files -norecurse C:/Users/aabua/Documents/ECE350/flappyECE350/RNA_Processor/processor/flappy_Wrapper.v
WARNING: [filemgmt 56-12] File 'C:/Users/aabua/Documents/ECE350/flappyECE350/RNA_Processor/processor/flappy_Wrapper.v' cannot be added to the project because it already exists in the project, skipping this file
export_ip_user_files -of_objects  [get_files C:/Users/aabua/Documents/ECE350/flappyECE350/flappy_Wrapper.v] -no_script -reset -force -quiet
remove_files  C:/Users/aabua/Documents/ECE350/flappyECE350/flappy_Wrapper.v
export_ip_user_files -of_objects  [get_files C:/Users/aabua/Documents/ECE350/flappyECE350/VGAController.v] -no_script -reset -force -quiet
export_ip_user_files -of_objects  [get_files C:/Users/aabua/Documents/ECE350/flappyECE350/VGATimingGenerator.v] -no_script -reset -force -quiet
remove_files  {C:/Users/aabua/Documents/ECE350/flappyECE350/VGAController.v C:/Users/aabua/Documents/ECE350/flappyECE350/VGATimingGenerator.v}
reset_run synth_1
launch_runs impl_1 -to_step write_bitstream
[Sun Nov 15 23:14:57 2020] Launched synth_1...
Run output will be captured here: C:/Users/aabua/Documents/ECE350/flappyECE350/flappyVivado/flappyVivado.runs/synth_1/runme.log
[Sun Nov 15 23:14:57 2020] Launched impl_1...
Run output will be captured here: C:/Users/aabua/Documents/ECE350/flappyECE350/flappyVivado/flappyVivado.runs/impl_1/runme.log
export_ip_user_files -of_objects  [get_files C:/Users/aabua/Documents/ECE350/flappyECE350/constraints.xdc] -no_script -reset -force -quiet
remove_files  -fileset constrs_1 C:/Users/aabua/Documents/ECE350/flappyECE350/constraints.xdc
add_files -fileset constrs_1 -norecurse C:/Users/aabua/Documents/ECE350/flappyECE350/RNA_Processor/processor/constraints.xdc
reset_run synth_1
launch_runs impl_1 -to_step write_bitstream
[Sun Nov 15 23:16:42 2020] Launched synth_1...
Run output will be captured here: C:/Users/aabua/Documents/ECE350/flappyECE350/flappyVivado/flappyVivado.runs/synth_1/runme.log
[Sun Nov 15 23:16:42 2020] Launched impl_1...
Run output will be captured here: C:/Users/aabua/Documents/ECE350/flappyECE350/flappyVivado/flappyVivado.runs/impl_1/runme.log
INFO: [Labtoolstcl 44-466] Opening hw_target localhost:3121/xilinx_tcf/Digilent/210292AE244CA
INFO: [Labtools 27-1434] Device xc7a100t (JTAG device index = 0) is programmed with a design that has no supported debug core(s) in it.
WARNING: [Labtoolstcl 44-129] No matching hw_ila_data was found.
set_property PROBES.FILE {} [get_hw_devices xc7a100t_0]
set_property FULL_PROBES.FILE {} [get_hw_devices xc7a100t_0]
set_property PROGRAM.FILE {C:/Users/aabua/Documents/ECE350/flappyECE350/flappyVivado/flappyVivado.runs/impl_1/flappy_Wrapper.bit} [get_hw_devices xc7a100t_0]
program_hw_devices [get_hw_devices xc7a100t_0]
INFO: [Labtools 27-3164] End of startup status: HIGH
refresh_hw_device [lindex [get_hw_devices xc7a100t_0] 0]
INFO: [Labtools 27-1434] Device xc7a100t (JTAG device index = 0) is programmed with a design that has no supported debug core(s) in it.
set_property PROBES.FILE {} [get_hw_devices xc7a100t_0]
set_property FULL_PROBES.FILE {} [get_hw_devices xc7a100t_0]
set_property PROGRAM.FILE {C:/Users/aabua/Documents/ECE350/flappyECE350/flappyVivado/flappyVivado.runs/impl_1/flappy_Wrapper.bit} [get_hw_devices xc7a100t_0]
program_hw_devices [get_hw_devices xc7a100t_0]
INFO: [Labtools 27-3164] End of startup status: HIGH
refresh_hw_device [lindex [get_hw_devices xc7a100t_0] 0]
INFO: [Labtools 27-1434] Device xc7a100t (JTAG device index = 0) is programmed with a design that has no supported debug core(s) in it.
set_property PROBES.FILE {} [get_hw_devices xc7a100t_0]
set_property FULL_PROBES.FILE {} [get_hw_devices xc7a100t_0]
set_property PROGRAM.FILE {C:/Users/aabua/Documents/ECE350/flappyECE350/flappyVivado/flappyVivado.runs/impl_1/flappy_Wrapper.bit} [get_hw_devices xc7a100t_0]
program_hw_devices [get_hw_devices xc7a100t_0]
INFO: [Labtools 27-3164] End of startup status: HIGH
refresh_hw_device [lindex [get_hw_devices xc7a100t_0] 0]
INFO: [Labtools 27-1434] Device xc7a100t (JTAG device index = 0) is programmed with a design that has no supported debug core(s) in it.
reset_run impl_1 -prev_step 
launch_runs impl_1 -to_step write_bitstream
[Sun Nov 15 23:31:43 2020] Launched impl_1...
Run output will be captured here: C:/Users/aabua/Documents/ECE350/flappyECE350/flappyVivado/flappyVivado.runs/impl_1/runme.log
set_property PROBES.FILE {} [get_hw_devices xc7a100t_0]
set_property FULL_PROBES.FILE {} [get_hw_devices xc7a100t_0]
set_property PROGRAM.FILE {C:/Users/aabua/Documents/ECE350/flappyECE350/flappyVivado/flappyVivado.runs/impl_1/flappy_Wrapper.bit} [get_hw_devices xc7a100t_0]
program_hw_devices [get_hw_devices xc7a100t_0]
INFO: [Labtools 27-3164] End of startup status: HIGH
refresh_hw_device [lindex [get_hw_devices xc7a100t_0] 0]
INFO: [Labtools 27-1434] Device xc7a100t (JTAG device index = 0) is programmed with a design that has no supported debug core(s) in it.
reset_run synth_1
launch_runs impl_1 -to_step write_bitstream
[Sun Nov 15 23:39:02 2020] Launched synth_1...
Run output will be captured here: C:/Users/aabua/Documents/ECE350/flappyECE350/flappyVivado/flappyVivado.runs/synth_1/runme.log
[Sun Nov 15 23:39:02 2020] Launched impl_1...
Run output will be captured here: C:/Users/aabua/Documents/ECE350/flappyECE350/flappyVivado/flappyVivado.runs/impl_1/runme.log
set_property PROBES.FILE {} [get_hw_devices xc7a100t_0]
set_property FULL_PROBES.FILE {} [get_hw_devices xc7a100t_0]
set_property PROGRAM.FILE {C:/Users/aabua/Documents/ECE350/flappyECE350/flappyVivado/flappyVivado.runs/impl_1/flappy_Wrapper.bit} [get_hw_devices xc7a100t_0]
program_hw_devices [get_hw_devices xc7a100t_0]
INFO: [Labtools 27-3164] End of startup status: HIGH
refresh_hw_device [lindex [get_hw_devices xc7a100t_0] 0]
INFO: [Labtools 27-1434] Device xc7a100t (JTAG device index = 0) is programmed with a design that has no supported debug core(s) in it.
set_property PROBES.FILE {} [get_hw_devices xc7a100t_0]
set_property FULL_PROBES.FILE {} [get_hw_devices xc7a100t_0]
set_property PROGRAM.FILE {C:/Users/aabua/Documents/ECE350/flappyECE350/flappyVivado/flappyVivado.runs/impl_1/flappy_Wrapper.bit} [get_hw_devices xc7a100t_0]
program_hw_devices [get_hw_devices xc7a100t_0]
INFO: [Labtools 27-3164] End of startup status: HIGH
refresh_hw_device [lindex [get_hw_devices xc7a100t_0] 0]
INFO: [Labtools 27-1434] Device xc7a100t (JTAG device index = 0) is programmed with a design that has no supported debug core(s) in it.
reset_run synth_1
launch_runs impl_1 -to_step write_bitstream
[Sun Nov 15 23:55:13 2020] Launched synth_1...
Run output will be captured here: C:/Users/aabua/Documents/ECE350/flappyECE350/flappyVivado/flappyVivado.runs/synth_1/runme.log
[Sun Nov 15 23:55:13 2020] Launched impl_1...
Run output will be captured here: C:/Users/aabua/Documents/ECE350/flappyECE350/flappyVivado/flappyVivado.runs/impl_1/runme.log
set_property PROBES.FILE {} [get_hw_devices xc7a100t_0]
set_property FULL_PROBES.FILE {} [get_hw_devices xc7a100t_0]
set_property PROGRAM.FILE {C:/Users/aabua/Documents/ECE350/flappyECE350/flappyVivado/flappyVivado.runs/impl_1/flappy_Wrapper.bit} [get_hw_devices xc7a100t_0]
program_hw_devices [get_hw_devices xc7a100t_0]
INFO: [Labtools 27-3164] End of startup status: HIGH
refresh_hw_device [lindex [get_hw_devices xc7a100t_0] 0]
INFO: [Labtools 27-1434] Device xc7a100t (JTAG device index = 0) is programmed with a design that has no supported debug core(s) in it.
reset_run synth_1
launch_runs impl_1 -to_step write_bitstream
[Mon Nov 16 00:36:46 2020] Launched synth_1...
Run output will be captured here: C:/Users/aabua/Documents/ECE350/flappyECE350/flappyVivado/flappyVivado.runs/synth_1/runme.log
[Mon Nov 16 00:36:46 2020] Launched impl_1...
Run output will be captured here: C:/Users/aabua/Documents/ECE350/flappyECE350/flappyVivado/flappyVivado.runs/impl_1/runme.log
set_property PROBES.FILE {} [get_hw_devices xc7a100t_0]
set_property FULL_PROBES.FILE {} [get_hw_devices xc7a100t_0]
set_property PROGRAM.FILE {C:/Users/aabua/Documents/ECE350/flappyECE350/flappyVivado/flappyVivado.runs/impl_1/flappy_Wrapper.bit} [get_hw_devices xc7a100t_0]
program_hw_devices [get_hw_devices xc7a100t_0]
INFO: [Labtools 27-3164] End of startup status: HIGH
refresh_hw_device [lindex [get_hw_devices xc7a100t_0] 0]
INFO: [Labtools 27-1434] Device xc7a100t (JTAG device index = 0) is programmed with a design that has no supported debug core(s) in it.
set_property PROBES.FILE {} [get_hw_devices xc7a100t_0]
set_property FULL_PROBES.FILE {} [get_hw_devices xc7a100t_0]
set_property PROGRAM.FILE {C:/Users/aabua/Documents/ECE350/flappyECE350/flappyVivado/flappyVivado.runs/impl_1/flappy_Wrapper.bit} [get_hw_devices xc7a100t_0]
program_hw_devices [get_hw_devices xc7a100t_0]
INFO: [Labtools 27-3164] End of startup status: HIGH
refresh_hw_device [lindex [get_hw_devices xc7a100t_0] 0]
INFO: [Labtools 27-1434] Device xc7a100t (JTAG device index = 0) is programmed with a design that has no supported debug core(s) in it.
reset_run synth_1
launch_runs impl_1 -to_step write_bitstream
[Mon Nov 16 00:52:27 2020] Launched synth_1...
Run output will be captured here: C:/Users/aabua/Documents/ECE350/flappyECE350/flappyVivado/flappyVivado.runs/synth_1/runme.log
[Mon Nov 16 00:52:27 2020] Launched impl_1...
Run output will be captured here: C:/Users/aabua/Documents/ECE350/flappyECE350/flappyVivado/flappyVivado.runs/impl_1/runme.log
set_property PROBES.FILE {} [get_hw_devices xc7a100t_0]
set_property FULL_PROBES.FILE {} [get_hw_devices xc7a100t_0]
set_property PROGRAM.FILE {C:/Users/aabua/Documents/ECE350/flappyECE350/flappyVivado/flappyVivado.runs/impl_1/flappy_Wrapper.bit} [get_hw_devices xc7a100t_0]
program_hw_devices [get_hw_devices xc7a100t_0]
INFO: [Labtools 27-3164] End of startup status: HIGH
refresh_hw_device [lindex [get_hw_devices xc7a100t_0] 0]
INFO: [Labtools 27-1434] Device xc7a100t (JTAG device index = 0) is programmed with a design that has no supported debug core(s) in it.
reset_run synth_1
launch_runs impl_1 -to_step write_bitstream
[Mon Nov 16 01:11:13 2020] Launched synth_1...
Run output will be captured here: C:/Users/aabua/Documents/ECE350/flappyECE350/flappyVivado/flappyVivado.runs/synth_1/runme.log
[Mon Nov 16 01:11:13 2020] Launched impl_1...
Run output will be captured here: C:/Users/aabua/Documents/ECE350/flappyECE350/flappyVivado/flappyVivado.runs/impl_1/runme.log
set_property PROBES.FILE {} [get_hw_devices xc7a100t_0]
set_property FULL_PROBES.FILE {} [get_hw_devices xc7a100t_0]
set_property PROGRAM.FILE {C:/Users/aabua/Documents/ECE350/flappyECE350/flappyVivado/flappyVivado.runs/impl_1/flappy_Wrapper.bit} [get_hw_devices xc7a100t_0]
program_hw_devices [get_hw_devices xc7a100t_0]
INFO: [Labtools 27-3164] End of startup status: HIGH
refresh_hw_device [lindex [get_hw_devices xc7a100t_0] 0]
INFO: [Labtools 27-1434] Device xc7a100t (JTAG device index = 0) is programmed with a design that has no supported debug core(s) in it.
set_property PROBES.FILE {} [get_hw_devices xc7a100t_0]
set_property FULL_PROBES.FILE {} [get_hw_devices xc7a100t_0]
set_property PROGRAM.FILE {C:/Users/aabua/Documents/ECE350/flappyECE350/flappyVivado/flappyVivado.runs/impl_1/flappy_Wrapper.bit} [get_hw_devices xc7a100t_0]
program_hw_devices [get_hw_devices xc7a100t_0]
INFO: [Labtools 27-3164] End of startup status: HIGH
refresh_hw_device [lindex [get_hw_devices xc7a100t_0] 0]
INFO: [Labtools 27-1434] Device xc7a100t (JTAG device index = 0) is programmed with a design that has no supported debug core(s) in it.
reset_run synth_1
launch_runs impl_1 -to_step write_bitstream
[Mon Nov 16 01:21:45 2020] Launched synth_1...
Run output will be captured here: C:/Users/aabua/Documents/ECE350/flappyECE350/flappyVivado/flappyVivado.runs/synth_1/runme.log
[Mon Nov 16 01:21:45 2020] Launched impl_1...
Run output will be captured here: C:/Users/aabua/Documents/ECE350/flappyECE350/flappyVivado/flappyVivado.runs/impl_1/runme.log
set_property PROBES.FILE {} [get_hw_devices xc7a100t_0]
set_property FULL_PROBES.FILE {} [get_hw_devices xc7a100t_0]
set_property PROGRAM.FILE {C:/Users/aabua/Documents/ECE350/flappyECE350/flappyVivado/flappyVivado.runs/impl_1/flappy_Wrapper.bit} [get_hw_devices xc7a100t_0]
program_hw_devices [get_hw_devices xc7a100t_0]
INFO: [Labtools 27-3164] End of startup status: HIGH
refresh_hw_device [lindex [get_hw_devices xc7a100t_0] 0]
INFO: [Labtools 27-1434] Device xc7a100t (JTAG device index = 0) is programmed with a design that has no supported debug core(s) in it.
reset_run synth_1
launch_runs impl_1 -to_step write_bitstream
[Mon Nov 16 01:30:07 2020] Launched synth_1...
Run output will be captured here: C:/Users/aabua/Documents/ECE350/flappyECE350/flappyVivado/flappyVivado.runs/synth_1/runme.log
[Mon Nov 16 01:30:07 2020] Launched impl_1...
Run output will be captured here: C:/Users/aabua/Documents/ECE350/flappyECE350/flappyVivado/flappyVivado.runs/impl_1/runme.log
set_property PROBES.FILE {} [get_hw_devices xc7a100t_0]
set_property FULL_PROBES.FILE {} [get_hw_devices xc7a100t_0]
set_property PROGRAM.FILE {C:/Users/aabua/Documents/ECE350/flappyECE350/flappyVivado/flappyVivado.runs/impl_1/flappy_Wrapper.bit} [get_hw_devices xc7a100t_0]
program_hw_devices [get_hw_devices xc7a100t_0]
INFO: [Labtools 27-3164] End of startup status: HIGH
refresh_hw_device [lindex [get_hw_devices xc7a100t_0] 0]
INFO: [Labtools 27-1434] Device xc7a100t (JTAG device index = 0) is programmed with a design that has no supported debug core(s) in it.
reset_run synth_1
launch_runs impl_1 -to_step write_bitstream
[Mon Nov 16 01:36:57 2020] Launched synth_1...
Run output will be captured here: C:/Users/aabua/Documents/ECE350/flappyECE350/flappyVivado/flappyVivado.runs/synth_1/runme.log
[Mon Nov 16 01:36:57 2020] Launched impl_1...
Run output will be captured here: C:/Users/aabua/Documents/ECE350/flappyECE350/flappyVivado/flappyVivado.runs/impl_1/runme.log
set_property PROBES.FILE {} [get_hw_devices xc7a100t_0]
set_property FULL_PROBES.FILE {} [get_hw_devices xc7a100t_0]
set_property PROGRAM.FILE {C:/Users/aabua/Documents/ECE350/flappyECE350/flappyVivado/flappyVivado.runs/impl_1/flappy_Wrapper.bit} [get_hw_devices xc7a100t_0]
program_hw_devices [get_hw_devices xc7a100t_0]
INFO: [Labtools 27-3164] End of startup status: HIGH
refresh_hw_device [lindex [get_hw_devices xc7a100t_0] 0]
INFO: [Labtools 27-1434] Device xc7a100t (JTAG device index = 0) is programmed with a design that has no supported debug core(s) in it.
exit
INFO: [Common 17-206] Exiting Vivado at Mon Nov 16 01:44:37 2020...
