
*** Running vivado
    with args -log flappy_Wrapper.vds -m64 -product Vivado -mode batch -messageDb vivado.pb -notrace -source flappy_Wrapper.tcl



****** Vivado v2020.1 (64-bit)
  **** SW Build 2902540 on Wed May 27 19:54:49 MDT 2020
  **** IP Build 2902112 on Wed May 27 22:43:36 MDT 2020
    ** Copyright 1986-2020 Xilinx, Inc. All Rights Reserved.

source flappy_Wrapper.tcl -notrace
Command: synth_design -top flappy_Wrapper -part xc7a100tcsg324-1
Starting synth_design
Attempting to get a license for feature 'Synthesis' and/or device 'xc7a100t'
INFO: [Common 17-349] Got license for feature 'Synthesis' and/or device 'xc7a100t'
INFO: [Device 21-403] Loading part xc7a100tcsg324-1
INFO: [Synth 8-7079] Multithreading enabled for synth_design using a maximum of 2 processes.
INFO: [Synth 8-7078] Launching helper process for spawning children vivado processes
INFO: [Synth 8-7075] Helper process launched with PID 18384
WARNING: [Synth 8-6901] identifier 'mult_or_divX' is used before its declaration [C:/Users/aabua/Documents/ECE350/flappyECE350/RNA_Processor/processor/processor.v:73]
WARNING: [Synth 8-6901] identifier 'multdiv_resultRDY' is used before its declaration [C:/Users/aabua/Documents/ECE350/flappyECE350/RNA_Processor/processor/processor.v:73]
WARNING: [Synth 8-6901] identifier 'staller' is used before its declaration [C:/Users/aabua/Documents/ECE350/flappyECE350/RNA_Processor/processor/processor.v:74]
WARNING: [Synth 8-6901] identifier 'branch_taken' is used before its declaration [C:/Users/aabua/Documents/ECE350/flappyECE350/RNA_Processor/processor/processor.v:90]
WARNING: [Synth 8-6901] identifier 'PC_branchD' is used before its declaration [C:/Users/aabua/Documents/ECE350/flappyECE350/RNA_Processor/processor/processor.v:91]
WARNING: [Synth 8-6901] identifier 'branch_taken' is used before its declaration [C:/Users/aabua/Documents/ECE350/flappyECE350/RNA_Processor/processor/processor.v:93]
WARNING: [Synth 8-6901] identifier 'didCollide' is used before its declaration [C:/Users/aabua/Documents/ECE350/flappyECE350/RNA_Processor/processor/VGAController.v:117]
WARNING: [Synth 8-6901] identifier 'write_enable' is used before its declaration [C:/Users/aabua/Documents/ECE350/flappyECE350/RNA_Processor/processor/regfile.v:25]
---------------------------------------------------------------------------------
Starting RTL Elaboration : Time (s): cpu = 00:00:06 ; elapsed = 00:00:06 . Memory (MB): peak = 1013.059 ; gain = 0.000
---------------------------------------------------------------------------------
INFO: [Synth 8-6157] synthesizing module 'flappy_Wrapper' [C:/Users/aabua/Documents/ECE350/flappyECE350/RNA_Processor/processor/flappy_Wrapper.v:23]
INFO: [Synth 8-6157] synthesizing module 'processor' [C:/Users/aabua/Documents/ECE350/flappyECE350/RNA_Processor/processor/processor.v:20]
INFO: [Synth 8-6157] synthesizing module 'register' [C:/Users/aabua/Documents/ECE350/flappyECE350/RNA_Processor/processor/register.v:1]
INFO: [Synth 8-6157] synthesizing module 'dffe_ref' [C:/Users/aabua/Documents/ECE350/flappyECE350/RNA_Processor/processor/dffe_ref.v:1]
INFO: [Synth 8-6155] done synthesizing module 'dffe_ref' (1#1) [C:/Users/aabua/Documents/ECE350/flappyECE350/RNA_Processor/processor/dffe_ref.v:1]
INFO: [Synth 8-6155] done synthesizing module 'register' (2#1) [C:/Users/aabua/Documents/ECE350/flappyECE350/RNA_Processor/processor/register.v:1]
INFO: [Synth 8-6157] synthesizing module 'adder32' [C:/Users/aabua/Documents/ECE350/flappyECE350/RNA_Processor/processor/adder32.v:1]
INFO: [Synth 8-6157] synthesizing module 'sub' [C:/Users/aabua/Documents/ECE350/flappyECE350/RNA_Processor/processor/sub.v:1]
INFO: [Synth 8-6155] done synthesizing module 'sub' (3#1) [C:/Users/aabua/Documents/ECE350/flappyECE350/RNA_Processor/processor/sub.v:1]
INFO: [Synth 8-6157] synthesizing module 'adder8' [C:/Users/aabua/Documents/ECE350/flappyECE350/RNA_Processor/processor/adder8.v:1]
INFO: [Synth 8-6155] done synthesizing module 'adder8' (4#1) [C:/Users/aabua/Documents/ECE350/flappyECE350/RNA_Processor/processor/adder8.v:1]
INFO: [Synth 8-6155] done synthesizing module 'adder32' (5#1) [C:/Users/aabua/Documents/ECE350/flappyECE350/RNA_Processor/processor/adder32.v:1]
INFO: [Synth 8-6157] synthesizing module 'decode_stage' [C:/Users/aabua/Documents/ECE350/flappyECE350/RNA_Processor/processor/decode_stage.v:1]
INFO: [Synth 8-6157] synthesizing module 'sx16' [C:/Users/aabua/Documents/ECE350/flappyECE350/RNA_Processor/processor/sx16.v:1]
INFO: [Synth 8-6155] done synthesizing module 'sx16' (6#1) [C:/Users/aabua/Documents/ECE350/flappyECE350/RNA_Processor/processor/sx16.v:1]
INFO: [Synth 8-6155] done synthesizing module 'decode_stage' (7#1) [C:/Users/aabua/Documents/ECE350/flappyECE350/RNA_Processor/processor/decode_stage.v:1]
INFO: [Synth 8-6157] synthesizing module 'execute_stage_ALU' [C:/Users/aabua/Documents/ECE350/flappyECE350/RNA_Processor/processor/execute_stage_ALU.v:1]
INFO: [Synth 8-6157] synthesizing module 'alu' [C:/Users/aabua/Documents/ECE350/flappyECE350/RNA_Processor/processor/alu.v:1]
INFO: [Synth 8-6157] synthesizing module 'bit32_comp' [C:/Users/aabua/Documents/ECE350/flappyECE350/RNA_Processor/processor/bit32_comp.v:1]
INFO: [Synth 8-6157] synthesizing module 'eight_bit_comp' [C:/Users/aabua/Documents/ECE350/flappyECE350/RNA_Processor/processor/eight_bit_comp.v:18]
INFO: [Synth 8-6157] synthesizing module 'two_bit_comp' [C:/Users/aabua/Documents/ECE350/flappyECE350/RNA_Processor/processor/two_bit_comp.v:47]
INFO: [Synth 8-6157] synthesizing module 'mux_8' [C:/Users/aabua/Documents/ECE350/flappyECE350/RNA_Processor/processor/mux_8.v:1]
INFO: [Synth 8-6157] synthesizing module 'mux_4' [C:/Users/aabua/Documents/ECE350/flappyECE350/RNA_Processor/processor/mux_4.v:1]
INFO: [Synth 8-6157] synthesizing module 'mux_2' [C:/Users/aabua/Documents/ECE350/flappyECE350/RNA_Processor/processor/mux_2.v:1]
INFO: [Synth 8-6155] done synthesizing module 'mux_2' (8#1) [C:/Users/aabua/Documents/ECE350/flappyECE350/RNA_Processor/processor/mux_2.v:1]
INFO: [Synth 8-6155] done synthesizing module 'mux_4' (9#1) [C:/Users/aabua/Documents/ECE350/flappyECE350/RNA_Processor/processor/mux_4.v:1]
INFO: [Synth 8-6155] done synthesizing module 'mux_8' (10#1) [C:/Users/aabua/Documents/ECE350/flappyECE350/RNA_Processor/processor/mux_8.v:1]
INFO: [Synth 8-6155] done synthesizing module 'two_bit_comp' (11#1) [C:/Users/aabua/Documents/ECE350/flappyECE350/RNA_Processor/processor/two_bit_comp.v:47]
INFO: [Synth 8-6155] done synthesizing module 'eight_bit_comp' (12#1) [C:/Users/aabua/Documents/ECE350/flappyECE350/RNA_Processor/processor/eight_bit_comp.v:18]
INFO: [Synth 8-6155] done synthesizing module 'bit32_comp' (13#1) [C:/Users/aabua/Documents/ECE350/flappyECE350/RNA_Processor/processor/bit32_comp.v:1]
INFO: [Synth 8-6157] synthesizing module 'AND' [C:/Users/aabua/Documents/ECE350/flappyECE350/RNA_Processor/processor/AND.v:1]
INFO: [Synth 8-6155] done synthesizing module 'AND' (14#1) [C:/Users/aabua/Documents/ECE350/flappyECE350/RNA_Processor/processor/AND.v:1]
INFO: [Synth 8-6157] synthesizing module 'OR' [C:/Users/aabua/Documents/ECE350/flappyECE350/RNA_Processor/processor/OR.v:1]
INFO: [Synth 8-6155] done synthesizing module 'OR' (15#1) [C:/Users/aabua/Documents/ECE350/flappyECE350/RNA_Processor/processor/OR.v:1]
INFO: [Synth 8-6157] synthesizing module 'SLL' [C:/Users/aabua/Documents/ECE350/flappyECE350/RNA_Processor/processor/SLL.v:1]
INFO: [Synth 8-6157] synthesizing module 'SLL16' [C:/Users/aabua/Documents/ECE350/flappyECE350/RNA_Processor/processor/SLL16.v:1]
INFO: [Synth 8-6155] done synthesizing module 'SLL16' (16#1) [C:/Users/aabua/Documents/ECE350/flappyECE350/RNA_Processor/processor/SLL16.v:1]
INFO: [Synth 8-6157] synthesizing module 'SLL8' [C:/Users/aabua/Documents/ECE350/flappyECE350/RNA_Processor/processor/SLL8.v:1]
INFO: [Synth 8-6155] done synthesizing module 'SLL8' (17#1) [C:/Users/aabua/Documents/ECE350/flappyECE350/RNA_Processor/processor/SLL8.v:1]
INFO: [Synth 8-6157] synthesizing module 'SLL4' [C:/Users/aabua/Documents/ECE350/flappyECE350/RNA_Processor/processor/SLL4.v:1]
INFO: [Synth 8-6155] done synthesizing module 'SLL4' (18#1) [C:/Users/aabua/Documents/ECE350/flappyECE350/RNA_Processor/processor/SLL4.v:1]
INFO: [Synth 8-6157] synthesizing module 'SLL2' [C:/Users/aabua/Documents/ECE350/flappyECE350/RNA_Processor/processor/SLL2.v:1]
INFO: [Synth 8-6155] done synthesizing module 'SLL2' (19#1) [C:/Users/aabua/Documents/ECE350/flappyECE350/RNA_Processor/processor/SLL2.v:1]
INFO: [Synth 8-6157] synthesizing module 'SLL1' [C:/Users/aabua/Documents/ECE350/flappyECE350/RNA_Processor/processor/SLL1.v:1]
INFO: [Synth 8-6155] done synthesizing module 'SLL1' (20#1) [C:/Users/aabua/Documents/ECE350/flappyECE350/RNA_Processor/processor/SLL1.v:1]
INFO: [Synth 8-6157] synthesizing module 'mux_2_32bits' [C:/Users/aabua/Documents/ECE350/flappyECE350/RNA_Processor/processor/mux_2_32bits.v:1]
INFO: [Synth 8-6155] done synthesizing module 'mux_2_32bits' (21#1) [C:/Users/aabua/Documents/ECE350/flappyECE350/RNA_Processor/processor/mux_2_32bits.v:1]
INFO: [Synth 8-6155] done synthesizing module 'SLL' (22#1) [C:/Users/aabua/Documents/ECE350/flappyECE350/RNA_Processor/processor/SLL.v:1]
INFO: [Synth 8-6157] synthesizing module 'SRA' [C:/Users/aabua/Documents/ECE350/flappyECE350/RNA_Processor/processor/SRA.v:1]
INFO: [Synth 8-6157] synthesizing module 'SRA16' [C:/Users/aabua/Documents/ECE350/flappyECE350/RNA_Processor/processor/SRA16.v:1]
INFO: [Synth 8-6155] done synthesizing module 'SRA16' (23#1) [C:/Users/aabua/Documents/ECE350/flappyECE350/RNA_Processor/processor/SRA16.v:1]
INFO: [Synth 8-6157] synthesizing module 'SRA8' [C:/Users/aabua/Documents/ECE350/flappyECE350/RNA_Processor/processor/SRA8.v:1]
INFO: [Synth 8-6155] done synthesizing module 'SRA8' (24#1) [C:/Users/aabua/Documents/ECE350/flappyECE350/RNA_Processor/processor/SRA8.v:1]
INFO: [Synth 8-6157] synthesizing module 'SRA4' [C:/Users/aabua/Documents/ECE350/flappyECE350/RNA_Processor/processor/SRA4.v:1]
INFO: [Synth 8-6155] done synthesizing module 'SRA4' (25#1) [C:/Users/aabua/Documents/ECE350/flappyECE350/RNA_Processor/processor/SRA4.v:1]
INFO: [Synth 8-6157] synthesizing module 'SRA2' [C:/Users/aabua/Documents/ECE350/flappyECE350/RNA_Processor/processor/SRA2.v:1]
INFO: [Synth 8-6155] done synthesizing module 'SRA2' (26#1) [C:/Users/aabua/Documents/ECE350/flappyECE350/RNA_Processor/processor/SRA2.v:1]
INFO: [Synth 8-6157] synthesizing module 'SRA1' [C:/Users/aabua/Documents/ECE350/flappyECE350/RNA_Processor/processor/SRA1.v:1]
INFO: [Synth 8-6155] done synthesizing module 'SRA1' (27#1) [C:/Users/aabua/Documents/ECE350/flappyECE350/RNA_Processor/processor/SRA1.v:1]
INFO: [Synth 8-6155] done synthesizing module 'SRA' (28#1) [C:/Users/aabua/Documents/ECE350/flappyECE350/RNA_Processor/processor/SRA.v:1]
INFO: [Synth 8-6157] synthesizing module 'mux_32_32bits' [C:/Users/aabua/Documents/ECE350/flappyECE350/RNA_Processor/processor/mux_32_32bits.v:1]
INFO: [Synth 8-6157] synthesizing module 'mux_16_32bits' [C:/Users/aabua/Documents/ECE350/flappyECE350/RNA_Processor/processor/mux_16_32bits.v:1]
INFO: [Synth 8-6157] synthesizing module 'mux_8_32bits' [C:/Users/aabua/Documents/ECE350/flappyECE350/RNA_Processor/processor/mux_8_32bits.v:1]
INFO: [Synth 8-6157] synthesizing module 'mux_4_32bits' [C:/Users/aabua/Documents/ECE350/flappyECE350/RNA_Processor/processor/mux_4_32bits.v:1]
INFO: [Synth 8-6155] done synthesizing module 'mux_4_32bits' (29#1) [C:/Users/aabua/Documents/ECE350/flappyECE350/RNA_Processor/processor/mux_4_32bits.v:1]
INFO: [Synth 8-6155] done synthesizing module 'mux_8_32bits' (30#1) [C:/Users/aabua/Documents/ECE350/flappyECE350/RNA_Processor/processor/mux_8_32bits.v:1]
INFO: [Synth 8-6155] done synthesizing module 'mux_16_32bits' (31#1) [C:/Users/aabua/Documents/ECE350/flappyECE350/RNA_Processor/processor/mux_16_32bits.v:1]
INFO: [Synth 8-6155] done synthesizing module 'mux_32_32bits' (32#1) [C:/Users/aabua/Documents/ECE350/flappyECE350/RNA_Processor/processor/mux_32_32bits.v:1]
INFO: [Synth 8-6155] done synthesizing module 'alu' (33#1) [C:/Users/aabua/Documents/ECE350/flappyECE350/RNA_Processor/processor/alu.v:1]
INFO: [Synth 8-6155] done synthesizing module 'execute_stage_ALU' (34#1) [C:/Users/aabua/Documents/ECE350/flappyECE350/RNA_Processor/processor/execute_stage_ALU.v:1]
INFO: [Synth 8-6157] synthesizing module 'execute_stage_MultDiv' [C:/Users/aabua/Documents/ECE350/flappyECE350/RNA_Processor/processor/execute_stage_MultDiv.v:1]
INFO: [Synth 8-6157] synthesizing module 'multdiv' [C:/Users/aabua/Documents/ECE350/flappyECE350/RNA_Processor/processor/multdiv.v:1]
INFO: [Synth 8-6157] synthesizing module 'register32' [C:/Users/aabua/Documents/ECE350/flappyECE350/RNA_Processor/processor/register32.v:1]
INFO: [Synth 8-6155] done synthesizing module 'register32' (35#1) [C:/Users/aabua/Documents/ECE350/flappyECE350/RNA_Processor/processor/register32.v:1]
INFO: [Synth 8-6157] synthesizing module 'multiplication' [C:/Users/aabua/Documents/ECE350/flappyECE350/RNA_Processor/processor/multiplication.v:1]
INFO: [Synth 8-6157] synthesizing module 'register65' [C:/Users/aabua/Documents/ECE350/flappyECE350/RNA_Processor/processor/register65.v:1]
INFO: [Synth 8-6155] done synthesizing module 'register65' (36#1) [C:/Users/aabua/Documents/ECE350/flappyECE350/RNA_Processor/processor/register65.v:1]
INFO: [Synth 8-6157] synthesizing module 'control' [C:/Users/aabua/Documents/ECE350/flappyECE350/RNA_Processor/processor/control.v:1]
INFO: [Synth 8-6155] done synthesizing module 'control' (37#1) [C:/Users/aabua/Documents/ECE350/flappyECE350/RNA_Processor/processor/control.v:1]
INFO: [Synth 8-6157] synthesizing module 'SRA1_mult' [C:/Users/aabua/Documents/ECE350/flappyECE350/RNA_Processor/processor/SRA1_mult.v:1]
INFO: [Synth 8-6155] done synthesizing module 'SRA1_mult' (38#1) [C:/Users/aabua/Documents/ECE350/flappyECE350/RNA_Processor/processor/SRA1_mult.v:1]
INFO: [Synth 8-6157] synthesizing module 'counter2' [C:/Users/aabua/Documents/ECE350/flappyECE350/RNA_Processor/processor/counter2.v:1]
INFO: [Synth 8-6155] done synthesizing module 'counter2' (39#1) [C:/Users/aabua/Documents/ECE350/flappyECE350/RNA_Processor/processor/counter2.v:1]
INFO: [Synth 8-6157] synthesizing module 'exception_check' [C:/Users/aabua/Documents/ECE350/flappyECE350/RNA_Processor/processor/exception_check.v:1]
INFO: [Synth 8-6155] done synthesizing module 'exception_check' (40#1) [C:/Users/aabua/Documents/ECE350/flappyECE350/RNA_Processor/processor/exception_check.v:1]
INFO: [Synth 8-6155] done synthesizing module 'multiplication' (41#1) [C:/Users/aabua/Documents/ECE350/flappyECE350/RNA_Processor/processor/multiplication.v:1]
INFO: [Synth 8-6157] synthesizing module 'division' [C:/Users/aabua/Documents/ECE350/flappyECE350/RNA_Processor/processor/division.v:1]
INFO: [Synth 8-6157] synthesizing module 'register64' [C:/Users/aabua/Documents/ECE350/flappyECE350/RNA_Processor/processor/register64.v:1]
INFO: [Synth 8-6155] done synthesizing module 'register64' (42#1) [C:/Users/aabua/Documents/ECE350/flappyECE350/RNA_Processor/processor/register64.v:1]
INFO: [Synth 8-6157] synthesizing module 'SLL1_div' [C:/Users/aabua/Documents/ECE350/flappyECE350/RNA_Processor/processor/SLL1_div.v:1]
INFO: [Synth 8-6155] done synthesizing module 'SLL1_div' (43#1) [C:/Users/aabua/Documents/ECE350/flappyECE350/RNA_Processor/processor/SLL1_div.v:1]
INFO: [Synth 8-6155] done synthesizing module 'division' (44#1) [C:/Users/aabua/Documents/ECE350/flappyECE350/RNA_Processor/processor/division.v:1]
INFO: [Synth 8-6155] done synthesizing module 'multdiv' (45#1) [C:/Users/aabua/Documents/ECE350/flappyECE350/RNA_Processor/processor/multdiv.v:1]
INFO: [Synth 8-6155] done synthesizing module 'execute_stage_MultDiv' (46#1) [C:/Users/aabua/Documents/ECE350/flappyECE350/RNA_Processor/processor/execute_stage_MultDiv.v:1]
INFO: [Synth 8-6157] synthesizing module 'memory_stage' [C:/Users/aabua/Documents/ECE350/flappyECE350/RNA_Processor/processor/memory_stage.v:1]
INFO: [Synth 8-6155] done synthesizing module 'memory_stage' (47#1) [C:/Users/aabua/Documents/ECE350/flappyECE350/RNA_Processor/processor/memory_stage.v:1]
INFO: [Synth 8-6157] synthesizing module 'writeback_stage' [C:/Users/aabua/Documents/ECE350/flappyECE350/RNA_Processor/processor/writeback_stage.v:1]
INFO: [Synth 8-6155] done synthesizing module 'writeback_stage' (48#1) [C:/Users/aabua/Documents/ECE350/flappyECE350/RNA_Processor/processor/writeback_stage.v:1]
INFO: [Synth 8-6157] synthesizing module 'bypass' [C:/Users/aabua/Documents/ECE350/flappyECE350/RNA_Processor/processor/bypass.v:1]
INFO: [Synth 8-6155] done synthesizing module 'bypass' (49#1) [C:/Users/aabua/Documents/ECE350/flappyECE350/RNA_Processor/processor/bypass.v:1]
INFO: [Synth 8-6157] synthesizing module 'stall' [C:/Users/aabua/Documents/ECE350/flappyECE350/RNA_Processor/processor/stall.v:1]
INFO: [Synth 8-6155] done synthesizing module 'stall' (50#1) [C:/Users/aabua/Documents/ECE350/flappyECE350/RNA_Processor/processor/stall.v:1]
INFO: [Synth 8-6155] done synthesizing module 'processor' (51#1) [C:/Users/aabua/Documents/ECE350/flappyECE350/RNA_Processor/processor/processor.v:20]
INFO: [Synth 8-6157] synthesizing module 'ROM' [C:/Users/aabua/Documents/ECE350/flappyECE350/RNA_Processor/processor/ROM.v:2]
	Parameter DATA_WIDTH bound to: 32 - type: integer 
	Parameter ADDRESS_WIDTH bound to: 12 - type: integer 
	Parameter DEPTH bound to: 4096 - type: integer 
	Parameter MEMFILE bound to: instructions_RNA.mem - type: string 
INFO: [Synth 8-3876] $readmem data file 'instructions_RNA.mem' is read successfully [C:/Users/aabua/Documents/ECE350/flappyECE350/RNA_Processor/processor/ROM.v:13]
INFO: [Synth 8-6155] done synthesizing module 'ROM' (52#1) [C:/Users/aabua/Documents/ECE350/flappyECE350/RNA_Processor/processor/ROM.v:2]
INFO: [Synth 8-6157] synthesizing module 'regfile' [C:/Users/aabua/Documents/ECE350/flappyECE350/RNA_Processor/processor/regfile.v:1]
INFO: [Synth 8-6157] synthesizing module 'triStateBuff_32' [C:/Users/aabua/Documents/ECE350/flappyECE350/RNA_Processor/processor/triStateBuff_32.v:1]
INFO: [Synth 8-6155] done synthesizing module 'triStateBuff_32' (53#1) [C:/Users/aabua/Documents/ECE350/flappyECE350/RNA_Processor/processor/triStateBuff_32.v:1]
INFO: [Synth 8-6157] synthesizing module 'decoder_5bits' [C:/Users/aabua/Documents/ECE350/flappyECE350/RNA_Processor/processor/decoder_5bits.v:1]
INFO: [Synth 8-6155] done synthesizing module 'decoder_5bits' (54#1) [C:/Users/aabua/Documents/ECE350/flappyECE350/RNA_Processor/processor/decoder_5bits.v:1]
INFO: [Synth 8-6155] done synthesizing module 'regfile' (55#1) [C:/Users/aabua/Documents/ECE350/flappyECE350/RNA_Processor/processor/regfile.v:1]
INFO: [Synth 8-6157] synthesizing module 'RAM' [C:/Users/aabua/Documents/ECE350/flappyECE350/RNA_Processor/processor/RAM.v:2]
	Parameter DATA_WIDTH bound to: 32 - type: integer 
	Parameter ADDRESS_WIDTH bound to: 12 - type: integer 
	Parameter DEPTH bound to: 4096 - type: integer 
	Parameter MEMFILE bound to: processor_memory.mem - type: string 
INFO: [Synth 8-3876] $readmem data file 'processor_memory.mem' is read successfully [C:/Users/aabua/Documents/ECE350/flappyECE350/RNA_Processor/processor/RAM.v:13]
INFO: [Synth 8-6155] done synthesizing module 'RAM' (56#1) [C:/Users/aabua/Documents/ECE350/flappyECE350/RNA_Processor/processor/RAM.v:2]
INFO: [Synth 8-6157] synthesizing module 'VGAController' [C:/Users/aabua/Documents/ECE350/flappyECE350/RNA_Processor/processor/VGAController.v:2]
	Parameter FILES_PATH bound to: C:/Users/aabua/Documents/ECE350/flappyECE350/ - type: string 
	Parameter VIDEO_WIDTH bound to: 640 - type: integer 
	Parameter VIDEO_HEIGHT bound to: 480 - type: integer 
	Parameter PIXEL_COUNT bound to: 307200 - type: integer 
	Parameter PIXEL_ADDRESS_WIDTH bound to: 20 - type: integer 
	Parameter BITS_PER_COLOR bound to: 12 - type: integer 
	Parameter PALETTE_COLOR_COUNT bound to: 256 - type: integer 
	Parameter PALETTE_ADDRESS_WIDTH bound to: 9 - type: integer 
INFO: [Synth 8-6157] synthesizing module 'VGATimingGenerator' [C:/Users/aabua/Documents/ECE350/flappyECE350/RNA_Processor/processor/VGATimingGenerator.v:2]
	Parameter HEIGHT bound to: 480 - type: integer 
	Parameter WIDTH bound to: 640 - type: integer 
	Parameter H_FRONT_PORCH bound to: 16 - type: integer 
	Parameter H_SYNC_WIDTH bound to: 96 - type: integer 
	Parameter H_BACK_PORCH bound to: 48 - type: integer 
	Parameter H_SYNC_START bound to: 656 - type: integer 
	Parameter H_SYNC_END bound to: 752 - type: integer 
	Parameter H_LINE bound to: 800 - type: integer 
	Parameter V_FRONT_PORCH bound to: 11 - type: integer 
	Parameter V_SYNC_WIDTH bound to: 2 - type: integer 
	Parameter V_BACK_PORCH bound to: 31 - type: integer 
	Parameter V_SYNC_START bound to: 491 - type: integer 
	Parameter V_SYNC_END bound to: 493 - type: integer 
	Parameter V_LINE bound to: 524 - type: integer 
INFO: [Synth 8-6155] done synthesizing module 'VGATimingGenerator' (57#1) [C:/Users/aabua/Documents/ECE350/flappyECE350/RNA_Processor/processor/VGATimingGenerator.v:2]
INFO: [Synth 8-6157] synthesizing module 'RAM__parameterized0' [C:/Users/aabua/Documents/ECE350/flappyECE350/RNA_Processor/processor/RAM.v:2]
	Parameter DATA_WIDTH bound to: 9 - type: integer 
	Parameter ADDRESS_WIDTH bound to: 20 - type: integer 
	Parameter DEPTH bound to: 307200 - type: integer 
	Parameter MEMFILE bound to: 440'b01000011001110100010111101010101011100110110010101110010011100110010111101100001011000010110001001110101011000010010111101000100011011110110001101110101011011010110010101101110011101000111001100101111010001010100001101000101001100110011010100110000001011110110011001101100011000010111000001110000011110010100010101000011010001010011001100110101001100000010111101101001011011010110000101100111011001010011000100101110011011010110010101101101 
INFO: [Synth 8-3876] $readmem data file 'C:/Users/aabua/Documents/ECE350/flappyECE350/image1.mem' is read successfully [C:/Users/aabua/Documents/ECE350/flappyECE350/RNA_Processor/processor/RAM.v:13]
INFO: [Synth 8-6155] done synthesizing module 'RAM__parameterized0' (57#1) [C:/Users/aabua/Documents/ECE350/flappyECE350/RNA_Processor/processor/RAM.v:2]
WARNING: [Synth 8-7071] port 'dataIn' of module 'RAM' is unconnected for instance 'ImageData' [C:/Users/aabua/Documents/ECE350/flappyECE350/RNA_Processor/processor/VGAController.v:80]
WARNING: [Synth 8-7023] instance 'ImageData' of module 'RAM' has 5 connections declared, but only 4 given [C:/Users/aabua/Documents/ECE350/flappyECE350/RNA_Processor/processor/VGAController.v:80]
INFO: [Synth 8-6157] synthesizing module 'RAM__parameterized1' [C:/Users/aabua/Documents/ECE350/flappyECE350/RNA_Processor/processor/RAM.v:2]
	Parameter DATA_WIDTH bound to: 12 - type: integer 
	Parameter ADDRESS_WIDTH bound to: 9 - type: integer 
	Parameter DEPTH bound to: 256 - type: integer 
	Parameter MEMFILE bound to: 440'b01000011001110100010111101010101011100110110010101110010011100110010111101100001011000010110001001110101011000010010111101000100011011110110001101110101011011010110010101101110011101000111001100101111010001010100001101000101001100110011010100110000001011110110011001101100011000010111000001110000011110010100010101000011010001010011001100110101001100000010111101100011011011110110110001101111011100100111001100101110011011010110010101101101 
CRITICAL WARNING: [Synth 8-4445] could not open $readmem data file 'C:/Users/aabua/Documents/ECE350/flappyECE350/colors.mem'; please make sure the file is added to project and has read permission, ignoring [C:/Users/aabua/Documents/ECE350/flappyECE350/RNA_Processor/processor/RAM.v:13]
INFO: [Synth 8-6155] done synthesizing module 'RAM__parameterized1' (57#1) [C:/Users/aabua/Documents/ECE350/flappyECE350/RNA_Processor/processor/RAM.v:2]
WARNING: [Synth 8-7071] port 'dataIn' of module 'RAM' is unconnected for instance 'ColorPalette' [C:/Users/aabua/Documents/ECE350/flappyECE350/RNA_Processor/processor/VGAController.v:99]
WARNING: [Synth 8-7023] instance 'ColorPalette' of module 'RAM' has 5 connections declared, but only 4 given [C:/Users/aabua/Documents/ECE350/flappyECE350/RNA_Processor/processor/VGAController.v:99]
INFO: [Synth 8-6155] done synthesizing module 'VGAController' (58#1) [C:/Users/aabua/Documents/ECE350/flappyECE350/RNA_Processor/processor/VGAController.v:2]
CRITICAL WARNING: [Synth 8-5413] Mix of synchronous and asynchronous control for register one_second_counter_reg in module flappy_Wrapper. [C:/Users/aabua/Documents/ECE350/flappyECE350/RNA_Processor/processor/flappy_Wrapper.v:53]
INFO: [Synth 8-6155] done synthesizing module 'flappy_Wrapper' (59#1) [C:/Users/aabua/Documents/ECE350/flappyECE350/RNA_Processor/processor/flappy_Wrapper.v:23]
---------------------------------------------------------------------------------
Finished RTL Elaboration : Time (s): cpu = 00:00:11 ; elapsed = 00:00:11 . Memory (MB): peak = 1033.789 ; gain = 20.730
---------------------------------------------------------------------------------
---------------------------------------------------------------------------------
Start Handling Custom Attributes
---------------------------------------------------------------------------------
---------------------------------------------------------------------------------
Finished Handling Custom Attributes : Time (s): cpu = 00:00:13 ; elapsed = 00:00:13 . Memory (MB): peak = 1033.789 ; gain = 20.730
---------------------------------------------------------------------------------
---------------------------------------------------------------------------------
Finished RTL Optimization Phase 1 : Time (s): cpu = 00:00:13 ; elapsed = 00:00:13 . Memory (MB): peak = 1033.789 ; gain = 20.730
---------------------------------------------------------------------------------
Netlist sorting complete. Time (s): cpu = 00:00:01 ; elapsed = 00:00:00.417 . Memory (MB): peak = 1033.789 ; gain = 0.000
INFO: [Project 1-570] Preparing netlist for logic optimization

Processing XDC Constraints
Initializing timing engine
Parsing XDC File [C:/Users/aabua/Documents/ECE350/flappyECE350/RNA_Processor/processor/constraints.xdc]
Finished Parsing XDC File [C:/Users/aabua/Documents/ECE350/flappyECE350/RNA_Processor/processor/constraints.xdc]
INFO: [Project 1-236] Implementation specific constraints were found while reading constraint file [C:/Users/aabua/Documents/ECE350/flappyECE350/RNA_Processor/processor/constraints.xdc]. These constraints will be ignored for synthesis but will be used in implementation. Impacted constraints are listed in the file [.Xil/flappy_Wrapper_propImpl.xdc].
Resolution: To avoid this warning, move constraints listed in [.Xil/flappy_Wrapper_propImpl.xdc] to another XDC file and exclude this new file from synthesis with the used_in_synthesis property (File Properties dialog in GUI) and re-run elaboration/synthesis.
Completed Processing XDC Constraints

Netlist sorting complete. Time (s): cpu = 00:00:00 ; elapsed = 00:00:00.027 . Memory (MB): peak = 1094.648 ; gain = 0.000
INFO: [Project 1-111] Unisim Transformation Summary:
No Unisim elements were transformed.

Constraint Validation Runtime : Time (s): cpu = 00:00:00 ; elapsed = 00:00:00.086 . Memory (MB): peak = 1094.648 ; gain = 0.000
---------------------------------------------------------------------------------
Finished Constraint Validation : Time (s): cpu = 00:00:25 ; elapsed = 00:00:26 . Memory (MB): peak = 1094.648 ; gain = 81.590
---------------------------------------------------------------------------------
---------------------------------------------------------------------------------
Start Loading Part and Timing Information
---------------------------------------------------------------------------------
Loading part: xc7a100tcsg324-1
---------------------------------------------------------------------------------
Finished Loading Part and Timing Information : Time (s): cpu = 00:00:25 ; elapsed = 00:00:26 . Memory (MB): peak = 1094.648 ; gain = 81.590
---------------------------------------------------------------------------------
---------------------------------------------------------------------------------
Start Applying 'set_property' XDC Constraints
---------------------------------------------------------------------------------
---------------------------------------------------------------------------------
Finished applying 'set_property' XDC Constraints : Time (s): cpu = 00:00:25 ; elapsed = 00:00:26 . Memory (MB): peak = 1094.648 ; gain = 81.590
---------------------------------------------------------------------------------
---------------------------------------------------------------------------------
Finished RTL Optimization Phase 2 : Time (s): cpu = 00:00:29 ; elapsed = 00:00:31 . Memory (MB): peak = 1094.648 ; gain = 81.590
---------------------------------------------------------------------------------
---------------------------------------------------------------------------------
Start RTL Component Statistics 
---------------------------------------------------------------------------------
Detailed RTL Component Info : 
+---Adders : 
	   2 Input   11 Bit       Adders := 7     
	   2 Input   10 Bit       Adders := 9     
	   2 Input    2 Bit       Adders := 1     
+---XORs : 
	   3 Input      1 Bit         XORs := 384   
	   2 Input      1 Bit         XORs := 51    
+---Registers : 
	               32 Bit    Registers := 2     
	               12 Bit    Registers := 1     
	               10 Bit    Registers := 9     
	                9 Bit    Registers := 2     
	                2 Bit    Registers := 1     
	                1 Bit    Registers := 1782  
+---RAMs : 
	            2700K Bit	(307200 X 9 bit)          RAMs := 1     
	             128K Bit	(4096 X 32 bit)          RAMs := 2     
	               3K Bit	(256 X 12 bit)          RAMs := 1     
+---Muxes : 
	   2 Input   65 Bit        Muxes := 2     
	   2 Input   64 Bit        Muxes := 1     
	   2 Input   32 Bit        Muxes := 80    
	   4 Input   32 Bit        Muxes := 1     
	   3 Input   32 Bit        Muxes := 2     
	   2 Input   12 Bit        Muxes := 2     
	   2 Input   10 Bit        Muxes := 1     
	   2 Input    9 Bit        Muxes := 1     
	   4 Input    8 Bit        Muxes := 1     
	   3 Input    5 Bit        Muxes := 2     
	   2 Input    5 Bit        Muxes := 1     
	   4 Input    4 Bit        Muxes := 1     
	   2 Input    3 Bit        Muxes := 1     
	   3 Input    2 Bit        Muxes := 1     
	   2 Input    2 Bit        Muxes := 1     
	   2 Input    1 Bit        Muxes := 232   
---------------------------------------------------------------------------------
Finished RTL Component Statistics 
---------------------------------------------------------------------------------
---------------------------------------------------------------------------------
Start Part Resource Summary
---------------------------------------------------------------------------------
Part Resources:
DSPs: 240 (col length:80)
BRAMs: 270 (col length: RAMB18 80 RAMB36 40)
---------------------------------------------------------------------------------
Finished Part Resource Summary
---------------------------------------------------------------------------------
---------------------------------------------------------------------------------
Start Cross Boundary and Area Optimization
---------------------------------------------------------------------------------
DSP Report: Generating DSP y_topleft0_dspDelayedAccum, operation Mode is: C+(A:0x0):B.
DSP Report: operator y_topleft0_dspDelayedAccum is absorbed into DSP y_topleft0_dspDelayedAccum.
DSP Report: Generating DSP x_topleft0_dspDelayedAccum, operation Mode is: C+(A:0x0):B.
DSP Report: operator x_topleft0_dspDelayedAccum is absorbed into DSP x_topleft0_dspDelayedAccum.
DSP Report: Generating DSP imgAddress, operation Mode is: C+(A:0x280)*B.
DSP Report: operator imgAddress is absorbed into DSP imgAddress.
DSP Report: operator imgAddress0 is absorbed into DSP imgAddress.
warning: Removed RAM ColorPalette/MemoryArray_reg due to inactive write enable
---------------------------------------------------------------------------------
Finished Cross Boundary and Area Optimization : Time (s): cpu = 00:02:15 ; elapsed = 00:02:17 . Memory (MB): peak = 1433.023 ; gain = 419.965
---------------------------------------------------------------------------------
---------------------------------------------------------------------------------
Start ROM, RAM, DSP and Shift Register Reporting
---------------------------------------------------------------------------------

Block RAM: Preliminary Mapping	Report (see note below)
+---------------+-------------------------+------------------------+---+---+------------------------+---+---+------------------+--------+--------+
|Module Name    | RTL Object              | PORT A (Depth x Width) | W | R | PORT B (Depth x Width) | W | R | Ports driving FF | RAMB18 | RAMB36 | 
+---------------+-------------------------+------------------------+---+---+------------------------+---+---+------------------+--------+--------+
|ROM:           | MemoryArray_reg         | 4 K x 32(NO_CHANGE)    | W | R |                        |   |   | Port A           | 0      | 4      | 
|flappy_Wrapper | ProcMem/MemoryArray_reg | 4 K x 32(NO_CHANGE)    | W | R |                        |   |   | Port A           | 0      | 4      | 
+---------------+-------------------------+------------------------+---+---+------------------------+---+---+------------------+--------+--------+

Note: The table above is a preliminary report that shows the Block RAMs at the current stage of the synthesis flow. Some Block RAMs may be reimplemented as non Block RAM primitives later in the synthesis flow. Multiple instantiated Block RAMs are reported only once. 

DSP: Preliminary Mapping	Report (see note below)
+--------------+---------------+--------+--------+--------+--------+--------+------+------+------+------+-------+------+------+
|Module Name   | DSP Mapping   | A Size | B Size | C Size | D Size | P Size | AREG | BREG | CREG | DREG | ADREG | MREG | PREG | 
+--------------+---------------+--------+--------+--------+--------+--------+------+------+------+------+-------+------+------+
|VGAController | C+(A:0x0):B   | 30     | 9      | 9      | -      | 9      | 0    | 0    | 0    | -    | -     | 0    | 0    | 
|VGAController | C+(A:0x0):B   | 30     | 10     | 10     | -      | 10     | 0    | 0    | 0    | -    | -     | 0    | 0    | 
|VGAController | C+(A:0x280)*B | 9      | 10     | 10     | -      | 19     | 0    | 0    | 0    | -    | -     | 0    | 0    | 
+--------------+---------------+--------+--------+--------+--------+--------+------+------+------+------+-------+------+------+

Note: The table above is a preliminary report that shows the DSPs inferred at the current stage of the synthesis flow. Some DSP may be reimplemented as non DSP primitives later in the synthesis flow. Multiple instantiated DSPs are reported only once.
---------------------------------------------------------------------------------
Finished ROM, RAM, DSP and Shift Register Reporting
---------------------------------------------------------------------------------
---------------------------------------------------------------------------------
Start Applying XDC Timing Constraints
---------------------------------------------------------------------------------
---------------------------------------------------------------------------------
Finished Applying XDC Timing Constraints : Time (s): cpu = 00:02:31 ; elapsed = 00:02:35 . Memory (MB): peak = 1433.023 ; gain = 419.965
---------------------------------------------------------------------------------
---------------------------------------------------------------------------------
Start Timing Optimization
---------------------------------------------------------------------------------
---------------------------------------------------------------------------------
Finished Timing Optimization : Time (s): cpu = 00:02:36 ; elapsed = 00:02:39 . Memory (MB): peak = 1433.023 ; gain = 419.965
---------------------------------------------------------------------------------
---------------------------------------------------------------------------------
Start ROM, RAM, DSP and Shift Register Reporting
---------------------------------------------------------------------------------

Block RAM: Final Mapping	Report
+---------------+-------------------------+------------------------+---+---+------------------------+---+---+------------------+--------+--------+
|Module Name    | RTL Object              | PORT A (Depth x Width) | W | R | PORT B (Depth x Width) | W | R | Ports driving FF | RAMB18 | RAMB36 | 
+---------------+-------------------------+------------------------+---+---+------------------------+---+---+------------------+--------+--------+
|ROM:           | MemoryArray_reg         | 4 K x 32(NO_CHANGE)    | W | R |                        |   |   | Port A           | 0      | 4      | 
|flappy_Wrapper | ProcMem/MemoryArray_reg | 4 K x 32(NO_CHANGE)    | W | R |                        |   |   | Port A           | 0      | 4      | 
+---------------+-------------------------+------------------------+---+---+------------------------+---+---+------------------+--------+--------+

---------------------------------------------------------------------------------
Finished ROM, RAM, DSP and Shift Register Reporting
---------------------------------------------------------------------------------
---------------------------------------------------------------------------------
Start Technology Mapping
---------------------------------------------------------------------------------
INFO: [Synth 8-7052] The timing for the instance InstMem/MemoryArray_reg_0 (implemented as a Block RAM) might be sub-optimal as no optional output register could be merged into the ram block. Providing additional output register may help in improving timing.
INFO: [Synth 8-7052] The timing for the instance InstMem/MemoryArray_reg_1 (implemented as a Block RAM) might be sub-optimal as no optional output register could be merged into the ram block. Providing additional output register may help in improving timing.
INFO: [Synth 8-7052] The timing for the instance InstMem/MemoryArray_reg_2 (implemented as a Block RAM) might be sub-optimal as no optional output register could be merged into the ram block. Providing additional output register may help in improving timing.
INFO: [Synth 8-7052] The timing for the instance InstMem/MemoryArray_reg_3 (implemented as a Block RAM) might be sub-optimal as no optional output register could be merged into the ram block. Providing additional output register may help in improving timing.
INFO: [Synth 8-7052] The timing for the instance ProcMem/MemoryArray_reg_0 (implemented as a Block RAM) might be sub-optimal as no optional output register could be merged into the ram block. Providing additional output register may help in improving timing.
INFO: [Synth 8-7052] The timing for the instance ProcMem/MemoryArray_reg_1 (implemented as a Block RAM) might be sub-optimal as no optional output register could be merged into the ram block. Providing additional output register may help in improving timing.
INFO: [Synth 8-7052] The timing for the instance ProcMem/MemoryArray_reg_2 (implemented as a Block RAM) might be sub-optimal as no optional output register could be merged into the ram block. Providing additional output register may help in improving timing.
INFO: [Synth 8-7052] The timing for the instance ProcMem/MemoryArray_reg_3 (implemented as a Block RAM) might be sub-optimal as no optional output register could be merged into the ram block. Providing additional output register may help in improving timing.
---------------------------------------------------------------------------------
Finished Technology Mapping : Time (s): cpu = 00:02:40 ; elapsed = 00:02:44 . Memory (MB): peak = 1433.023 ; gain = 419.965
---------------------------------------------------------------------------------
---------------------------------------------------------------------------------
Start IO Insertion
---------------------------------------------------------------------------------
---------------------------------------------------------------------------------
Start Flattening Before IO Insertion
---------------------------------------------------------------------------------
---------------------------------------------------------------------------------
Finished Flattening Before IO Insertion
---------------------------------------------------------------------------------
---------------------------------------------------------------------------------
Start Final Netlist Cleanup
---------------------------------------------------------------------------------
---------------------------------------------------------------------------------
Finished Final Netlist Cleanup
---------------------------------------------------------------------------------
---------------------------------------------------------------------------------
Finished IO Insertion : Time (s): cpu = 00:02:46 ; elapsed = 00:02:50 . Memory (MB): peak = 1433.023 ; gain = 419.965
---------------------------------------------------------------------------------
---------------------------------------------------------------------------------
Start Renaming Generated Instances
---------------------------------------------------------------------------------
---------------------------------------------------------------------------------
Finished Renaming Generated Instances : Time (s): cpu = 00:02:46 ; elapsed = 00:02:50 . Memory (MB): peak = 1433.023 ; gain = 419.965
---------------------------------------------------------------------------------
---------------------------------------------------------------------------------
Start Rebuilding User Hierarchy
---------------------------------------------------------------------------------
---------------------------------------------------------------------------------
Finished Rebuilding User Hierarchy : Time (s): cpu = 00:02:47 ; elapsed = 00:02:51 . Memory (MB): peak = 1433.023 ; gain = 419.965
---------------------------------------------------------------------------------
---------------------------------------------------------------------------------
Start Renaming Generated Ports
---------------------------------------------------------------------------------
---------------------------------------------------------------------------------
Finished Renaming Generated Ports : Time (s): cpu = 00:02:47 ; elapsed = 00:02:51 . Memory (MB): peak = 1433.023 ; gain = 419.965
---------------------------------------------------------------------------------
---------------------------------------------------------------------------------
Start Handling Custom Attributes
---------------------------------------------------------------------------------
---------------------------------------------------------------------------------
Finished Handling Custom Attributes : Time (s): cpu = 00:02:48 ; elapsed = 00:02:51 . Memory (MB): peak = 1433.023 ; gain = 419.965
---------------------------------------------------------------------------------
---------------------------------------------------------------------------------
Start Renaming Generated Nets
---------------------------------------------------------------------------------
---------------------------------------------------------------------------------
Finished Renaming Generated Nets : Time (s): cpu = 00:02:48 ; elapsed = 00:02:51 . Memory (MB): peak = 1433.023 ; gain = 419.965
---------------------------------------------------------------------------------
---------------------------------------------------------------------------------
Start Writing Synthesis Report
---------------------------------------------------------------------------------

Report BlackBoxes: 
+-+--------------+----------+
| |BlackBox name |Instances |
+-+--------------+----------+
+-+--------------+----------+

Report Cell Usage: 
+------+---------+------+
|      |Cell     |Count |
+------+---------+------+
|1     |BUFG     |     3|
|2     |CARRY4   |   209|
|3     |DSP48E1  |     2|
|4     |LUT1     |    40|
|5     |LUT2     |   540|
|6     |LUT3     |   466|
|7     |LUT4     |  1007|
|8     |LUT5     |   806|
|9     |LUT6     |  2507|
|10    |MUXF7    |    39|
|11    |RAMB36E1 |     8|
|17    |FDCE     |  1593|
|18    |FDRE     |   209|
|19    |FDSE     |    30|
|20    |IBUF     |     6|
|21    |OBUF     |    30|
+------+---------+------+
---------------------------------------------------------------------------------
Finished Writing Synthesis Report : Time (s): cpu = 00:02:48 ; elapsed = 00:02:51 . Memory (MB): peak = 1433.023 ; gain = 419.965
---------------------------------------------------------------------------------
Synthesis finished with 0 errors, 0 critical warnings and 0 warnings.
Synthesis Optimization Runtime : Time (s): cpu = 00:02:29 ; elapsed = 00:02:46 . Memory (MB): peak = 1433.023 ; gain = 359.105
Synthesis Optimization Complete : Time (s): cpu = 00:02:48 ; elapsed = 00:02:52 . Memory (MB): peak = 1433.023 ; gain = 419.965
INFO: [Project 1-571] Translating synthesized netlist
Netlist sorting complete. Time (s): cpu = 00:00:00 ; elapsed = 00:00:00.267 . Memory (MB): peak = 1433.023 ; gain = 0.000
INFO: [Netlist 29-17] Analyzing 258 Unisim elements for replacement
INFO: [Netlist 29-28] Unisim Transformation completed in 0 CPU seconds
INFO: [Project 1-570] Preparing netlist for logic optimization
INFO: [Opt 31-138] Pushed 1 inverter(s) to 8 load pin(s).
Netlist sorting complete. Time (s): cpu = 00:00:00 ; elapsed = 00:00:00.009 . Memory (MB): peak = 1433.023 ; gain = 0.000
INFO: [Project 1-111] Unisim Transformation Summary:
No Unisim elements were transformed.

INFO: [Common 17-83] Releasing license: Synthesis
148 Infos, 12 Warnings, 2 Critical Warnings and 0 Errors encountered.
synth_design completed successfully
synth_design: Time (s): cpu = 00:02:57 ; elapsed = 00:03:03 . Memory (MB): peak = 1433.023 ; gain = 419.965
INFO: [Common 17-1381] The checkpoint 'C:/Users/aabua/Documents/ECE350/flappyECE350/flappyVivado/flappyVivado.runs/synth_1/flappy_Wrapper.dcp' has been generated.
INFO: [runtcl-4] Executing : report_utilization -file flappy_Wrapper_utilization_synth.rpt -pb flappy_Wrapper_utilization_synth.pb
INFO: [Common 17-206] Exiting Vivado at Mon Nov 16 01:40:10 2020...
